This file contains any messages produced by compilers while
running configure, to aid debugging if configure makes a mistake.

It was created by liboauth configure -, which was
generated by GNU Autoconf 2.63.  Invocation command line was

  $ ./configure --prefix=/usr

## --------- ##
## Platform. ##
## --------- ##

hostname = uberhotty
uname -m = x86_64
uname -r = 2.6.31.12-0.2-default
uname -s = Linux
uname -v = #1 SMP 2010-03-16 21:25:39 +0100

/usr/bin/uname -p = unknown
/bin/uname -X     = unknown

/bin/arch              = x86_64
/usr/bin/arch -k       = unknown
/usr/convex/getsysinfo = unknown
/usr/bin/hostinfo      = unknown
/bin/machine           = unknown
/usr/bin/oslevel       = unknown
/bin/universe          = unknown

PATH: /bin
PATH: /usr/bin
PATH: /usr/local/bin
PATH: /sbin
PATH: /usr/sbin
PATH: /usr/local/sbin
PATH: /etc/rc.d
PATH: /etc/init.d
PATH: .
PATH: /art/erica/our_pieces/alacast/bin
PATH: /art/erica/our_pieces/alacast/scripts
PATH: /art/erica/our_pieces/alacast/scripts/auto-updaters
PATH: /art/erica/our_pieces/alacast/scripts/playlist-manager
PATH: /art/erica/our_pieces/alacast/scripts/validators
PATH: /art/erica/our_pieces/alacast/scripts/user-scripts
PATH: /projects/cli/alacast/bin
PATH: /projects/cli/alacast/scripts
PATH: /projects/cli/alacast/helpers/gpodder-0.11.3-hacked/bin
PATH: /projects/cli/alacast/helpers/gpodder-0.11.3-hacked/scripts
PATH: /projects/cli/console.pallet
PATH: /projects/cli/console.pallet/rc.files
PATH: /projects/cli/console.pallet/game-dev
PATH: /projects/cli/console.pallet/game-dev/engines
PATH: /projects/cli/console.pallet/convert
PATH: /projects/cli/console.pallet/user-scripts
PATH: /projects/cli/console.pallet/sudo
PATH: /projects/cli/console.pallet/permissions
PATH: /projects/cli/console.pallet/scripts
PATH: /projects/cli/console.pallet/resolutions
PATH: /projects/cli/console.pallet/resolutions/gnome-terminal
PATH: /projects/cli/console.pallet/resolutions/gnome-terminal/ssh
PATH: /projects/cli/console.pallet/resolutions/media
PATH: /projects/cli/console.pallet/resolutions/video
PATH: /projects/cli/console.pallet/setenv
PATH: /projects/cli/console.pallet/tcshrc
PATH: /projects/cli/console.pallet/media
PATH: /projects/cli/console.pallet/media/playlist-manager
PATH: /projects/cli/console.pallet/media/HandBrake
PATH: /projects/cli/console.pallet/php.cli.scripts
PATH: /projects/cli/console.pallet/devel
PATH: /projects/cli/console.pallet/devel/mozilla-src
PATH: /projects/cli/console.pallet/devel/templates
PATH: /projects/cli/console.pallet/devel/templates/www
PATH: /projects/cli/console.pallet/devel/templates/www/css
PATH: /projects/cli/console.pallet/devel/templates/www/php
PATH: /projects/cli/console.pallet/devel/templates/www/php/classes
PATH: /projects/cli/console.pallet/devel/templates/www/php/classes/helper-classes
PATH: /projects/cli/console.pallet/devel/templates/www/project-docs
PATH: /projects/cli/console.pallet/devel/templates/www/apache
PATH: /projects/cli/console.pallet/devel/templates/www/xml
PATH: /projects/cli/console.pallet/devel/templates/www/xml/emails
PATH: /projects/cli/console.pallet/devel/templates/www/xml/feeds
PATH: /projects/cli/console.pallet/devel/templates/www/xml/xslt
PATH: /projects/cli/console.pallet/devel/templates/www/javascript
PATH: /projects/cli/console.pallet/devel/templates/gtk
PATH: /projects/cli/console.pallet/devel/templates/gtk/config-files
PATH: /projects/cli/console.pallet/devel/templates/gtk/build-scripts
PATH: /projects/cli/console.pallet/devel/templates/gtk/src
PATH: /projects/cli/console.pallet/devel/templates/gtk/src/gui
PATH: /projects/cli/console.pallet/devel/templates/gtk/project-docs
PATH: /projects/cli/console.pallet/devel/make
PATH: /projects/cli/console.pallet/window-manager-init.d-session
PATH: /projects/cli/console.pallet/remote-fs
PATH: /projects/cli/console.pallet/helpers
PATH: /projects/cli/console.pallet/helpers/rm
PATH: /projects/cli/console.pallet/launchers
PATH: /projects/cli/console.pallet/templates
PATH: /projects/cli/console.pallet/templates/snip-its
PATH: /projects/cli/console.pallet/alternatives
PATH: /projects/cli/console.pallet/bin
PATH: /projects/cli/console.pallet/xml-parsers
PATH: /uberChick/bin
PATH: /programs/anjuta/bin
PATH: /programs/bin
PATH: /programs/carrier/bin
PATH: /programs/celtx
PATH: /programs/connectED/bin
PATH: /programs/deps
PATH: /programs/docs
PATH: /programs/drivers
PATH: /programs/exaile-0.2.14
PATH: /programs/GNUsTicker
PATH: /programs/ion
PATH: /programs/lib
PATH: /programs/linphone/bin
PATH: /programs/most/bin
PATH: /programs/Mozilla
PATH: /programs/openSuSE
PATH: /programs/share/bin
PATH: /programs/mozilla/firefox/x86_64
PATH: /programs/mozilla/prism
PATH: /programs/mozilla/thunderbird/x86_64
PATH: /programs/mozilla/xulexplorer


## ----------- ##
## Core tests. ##
## ----------- ##

configure:2086: checking for sed
configure:2105: found /bin/sed
configure:2118: result: /bin/sed
configure:2131: checking liboauth version
configure:2134: result: 0.8.9
configure:2188: checking build system type
configure:2206: result: x86_64-suse-linux-gnu
configure:2228: checking host system type
configure:2243: result: x86_64-suse-linux-gnu
configure:2265: checking target system type
configure:2280: result: x86_64-suse-linux-gnu
configure:2325: checking for a BSD-compatible install
configure:2393: result: /usr/bin/install -c
configure:2404: checking whether build environment is sane
configure:2464: result: yes
configure:2605: checking for a thread-safe mkdir -p
configure:2644: result: /bin/mkdir -p
configure:2657: checking for gawk
configure:2673: found /bin/gawk
configure:2684: result: gawk
configure:2695: checking whether make sets $(MAKE)
configure:2717: result: yes
configure:2808: checking host system type
configure:2823: result: x86_64-suse-linux-gnu
configure:2860: checking for a BSD-compatible install
configure:2928: result: /usr/bin/install -c
configure:2987: checking for gcc
configure:3014: result: /usr/bin/gcc-4.5
configure:3246: checking for C compiler version
configure:3254: /usr/bin/gcc-4.5 --version >&5
gcc-4.5 (SUSE Linux) 4.5.0 20100722 [gcc-4_5-branch revision 162408]
Copyright (C) 2010 Free Software Foundation, Inc.
This is free software; see the source for copying conditions.  There is NO
warranty; not even for MERCHANTABILITY or FITNESS FOR A PARTICULAR PURPOSE.

configure:3258: $? = 0
configure:3265: /usr/bin/gcc-4.5 -v >&5
Using built-in specs.
COLLECT_GCC=/usr/bin/gcc-4.5
COLLECT_LTO_WRAPPER=/usr/lib64/gcc/x86_64-suse-linux/4.5/lto-wrapper
Target: x86_64-suse-linux
Configured with: ../configure --prefix=/usr --infodir=/usr/share/info --mandir=/usr/share/man --libdir=/usr/lib64 --libexecdir=/usr/lib64 --enable-languages=c,c++,objc,fortran,obj-c++,java,ada --enable-checking=release --with-gxx-include-dir=/usr/include/c++/4.5 --enable-ssp --disable-libssp --disable-plugin --with-bugurl=http://bugs.opensuse.org/ --with-pkgversion='SUSE Linux' --disable-libgcj --disable-libmudflap --with-slibdir=/lib64 --with-system-zlib --enable-__cxa_atexit --enable-libstdcxx-allocator=new --disable-libstdcxx-pch --enable-version-specific-runtime-libs --program-suffix=-4.5 --enable-linux-futex --without-system-libunwind --enable-gold --with-plugin-ld=/usr/bin/gold --with-arch-32=i586 --with-tune=generic --build=x86_64-suse-linux
Thread model: posix
gcc version 4.5.0 20100722 [gcc-4_5-branch revision 162408] (SUSE Linux) 
configure:3269: $? = 0
configure:3276: /usr/bin/gcc-4.5 -V >&5
gcc-4.5: '-V' option must have argument
configure:3280: $? = 1
configure:3303: checking for C compiler default output file name
configure:3325: /usr/bin/gcc-4.5 -I/usr/local/include -I/usr/include -I. -I.. -L/usr/lib64 -L/lib64 -L/usr/local/lib -L/usr/lib -L/lib -I/usr/local/include -I/usr/include -I. -I.. -L/usr/lib64 -L/lib64 -L/usr/local/lib -L/usr/lib -L/lib  conftest.c  >&5
configure:3329: $? = 0
configure:3367: result: a.out
configure:3386: checking whether the C compiler works
configure:3396: ./a.out
configure:3400: $? = 0
configure:3419: result: yes
configure:3426: checking whether we are cross compiling
configure:3428: result: no
configure:3431: checking for suffix of executables
configure:3438: /usr/bin/gcc-4.5 -o conftest -I/usr/local/include -I/usr/include -I. -I.. -L/usr/lib64 -L/lib64 -L/usr/local/lib -L/usr/lib -L/lib -I/usr/local/include -I/usr/include -I. -I.. -L/usr/lib64 -L/lib64 -L/usr/local/lib -L/usr/lib -L/lib  conftest.c  >&5
configure:3442: $? = 0
configure:3468: result: 
configure:3474: checking for suffix of object files
configure:3500: /usr/bin/gcc-4.5 -c -I/usr/local/include -I/usr/include -I. -I.. -L/usr/lib64 -L/lib64 -L/usr/local/lib -L/usr/lib -L/lib -I/usr/local/include -I/usr/include -I. -I.. -L/usr/lib64 -L/lib64 -L/usr/local/lib -L/usr/lib -L/lib conftest.c >&5
configure:3504: $? = 0
configure:3529: result: o
configure:3533: checking whether we are using the GNU C compiler
configure:3562: /usr/bin/gcc-4.5 -c -I/usr/local/include -I/usr/include -I. -I.. -L/usr/lib64 -L/lib64 -L/usr/local/lib -L/usr/lib -L/lib -I/usr/local/include -I/usr/include -I. -I.. -L/usr/lib64 -L/lib64 -L/usr/local/lib -L/usr/lib -L/lib conftest.c >&5
configure:3569: $? = 0
configure:3586: result: yes
configure:3595: checking whether /usr/bin/gcc-4.5 accepts -g
configure:3625: /usr/bin/gcc-4.5 -c -g -I/usr/local/include -I/usr/include -I. -I.. -L/usr/lib64 -L/lib64 -L/usr/local/lib -L/usr/lib -L/lib conftest.c >&5
configure:3632: $? = 0
configure:3733: result: yes
configure:3750: checking for /usr/bin/gcc-4.5 option to accept ISO C89
configure:3824: /usr/bin/gcc-4.5  -c -I/usr/local/include -I/usr/include -I. -I.. -L/usr/lib64 -L/lib64 -L/usr/local/lib -L/usr/lib -L/lib -I/usr/local/include -I/usr/include -I. -I.. -L/usr/lib64 -L/lib64 -L/usr/local/lib -L/usr/lib -L/lib conftest.c >&5
configure:3831: $? = 0
configure:3854: result: none needed
configure:3883: checking for style of include used by make
configure:3911: result: GNU
configure:3936: checking dependency style of /usr/bin/gcc-4.5
configure:4046: result: gcc3
configure:4061: checking whether make sets $(MAKE)
configure:4083: result: yes
configure:4092: checking whether ln -s works
configure:4096: result: yes
configure:4128: checking for a sed that does not truncate output
configure:4194: result: /bin/sed
configure:4212: checking for grep that handles long lines and -e
configure:4272: result: /bin/grep
configure:4277: checking for egrep
configure:4341: result: /bin/grep -E
configure:4346: checking for fgrep
configure:4410: result: /bin/grep -F
configure:4445: checking for ld used by /usr/bin/gcc-4.5
configure:4512: result: /usr/x86_64-suse-linux/bin/ld
configure:4521: checking if the linker (/usr/x86_64-suse-linux/bin/ld) is GNU ld
configure:4536: result: yes
configure:4548: checking for BSD- or MS-compatible name lister (nm)
configure:4597: result: /usr/bin/nm -B
configure:4715: checking the name lister (/usr/bin/nm -B) interface
configure:4722: /usr/bin/gcc-4.5 -c -I/usr/local/include -I/usr/include -I. -I.. -L/usr/lib64 -L/lib64 -L/usr/local/lib -L/usr/lib -L/lib -I/usr/local/include -I/usr/include -I. -I.. -L/usr/lib64 -L/lib64 -L/usr/local/lib -L/usr/lib -L/lib conftest.c >&5
configure:4725: /usr/bin/nm -B "conftest.o"
configure:4728: output
0000000000000000 B some_variable
configure:4735: result: BSD nm
configure:4739: checking the maximum length of command line arguments
configure:4859: result: 1572864
configure:4876: checking whether the shell understands some XSI constructs
configure:4886: result: yes
configure:4890: checking whether the shell understands "+="
configure:4896: result: yes
configure:4931: checking for /usr/x86_64-suse-linux/bin/ld option to reload object files
configure:4938: result: -r
configure:5007: checking for objdump
configure:5023: found /usr/bin/objdump
configure:5034: result: objdump
configure:5066: checking how to recognize dependent libraries
configure:5262: result: pass_all
configure:5322: checking for ar
configure:5338: found /usr/bin/ar
configure:5349: result: ar
configure:5427: checking for strip
configure:5443: found /usr/bin/strip
configure:5454: result: strip
configure:5526: checking for ranlib
configure:5542: found /usr/bin/ranlib
configure:5553: result: ranlib
configure:5643: checking command to parse /usr/bin/nm -B output from /usr/bin/gcc-4.5 object
configure:5761: /usr/bin/gcc-4.5 -c -I/usr/local/include -I/usr/include -I. -I.. -L/usr/lib64 -L/lib64 -L/usr/local/lib -L/usr/lib -L/lib -I/usr/local/include -I/usr/include -I. -I.. -L/usr/lib64 -L/lib64 -L/usr/local/lib -L/usr/lib -L/lib conftest.c >&5
configure:5764: $? = 0
configure:5768: /usr/bin/nm -B conftest.o \| sed -n -e 's/^.*[	 ]\([ABCDGIRSTW][ABCDGIRSTW]*\)[	 ][	 ]*\([_A-Za-z][_A-Za-z0-9]*\)$/\1 \2 \2/p' \> conftest.nm
configure:5771: $? = 0
configure:5825: /usr/bin/gcc-4.5 -o conftest -I/usr/local/include -I/usr/include -I. -I.. -L/usr/lib64 -L/lib64 -L/usr/local/lib -L/usr/lib -L/lib -I/usr/local/include -I/usr/include -I. -I.. -L/usr/lib64 -L/lib64 -L/usr/local/lib -L/usr/lib -L/lib  conftest.c conftstm.o >&5
configure:5828: $? = 0
configure:5866: result: ok
configure:5962: /usr/bin/gcc-4.5 -c -I/usr/local/include -I/usr/include -I. -I.. -L/usr/lib64 -L/lib64 -L/usr/local/lib -L/usr/lib -L/lib -I/usr/local/include -I/usr/include -I. -I.. -L/usr/lib64 -L/lib64 -L/usr/local/lib -L/usr/lib -L/lib conftest.c >&5
configure:5965: $? = 0
configure:6733: checking how to run the C preprocessor
configure:6851: result: /usr/bin/cpp-4.5
configure:6880: /usr/bin/cpp-4.5 -I/usr/local/include -I/usr/include -I. -I.. -L/usr/lib64 -L/lib64 -L/usr/local/lib -L/usr/lib -L/lib conftest.c
configure:6887: $? = 0
configure:6918: /usr/bin/cpp-4.5 -I/usr/local/include -I/usr/include -I. -I.. -L/usr/lib64 -L/lib64 -L/usr/local/lib -L/usr/lib -L/lib conftest.c
conftest.c:10:28: fatal error: ac_nonexistent.h: No such file or directory
compilation terminated.
configure:6925: $? = 1
configure: failed program was:
| /* confdefs.h.  */
| #define PACKAGE_NAME "liboauth"
| #define PACKAGE_TARNAME "liboauth"
| #define PACKAGE_VERSION "-"
| #define PACKAGE_STRING "liboauth -"
| #define PACKAGE_BUGREPORT "robin AT gareus DOT org"
| #define PACKAGE "liboauth"
| #define VERSION "0.8.9"
| /* end confdefs.h.  */
| #include <ac_nonexistent.h>
configure:6965: checking for ANSI C header files
configure:6995: /usr/bin/gcc-4.5 -c -I/usr/local/include -I/usr/include -I. -I.. -L/usr/lib64 -L/lib64 -L/usr/local/lib -L/usr/lib -L/lib -I/usr/local/include -I/usr/include -I. -I.. -L/usr/lib64 -L/lib64 -L/usr/local/lib -L/usr/lib -L/lib conftest.c >&5
configure:7002: $? = 0
configure:7101: /usr/bin/gcc-4.5 -o conftest -I/usr/local/include -I/usr/include -I. -I.. -L/usr/lib64 -L/lib64 -L/usr/local/lib -L/usr/lib -L/lib -I/usr/local/include -I/usr/include -I. -I.. -L/usr/lib64 -L/lib64 -L/usr/local/lib -L/usr/lib -L/lib  conftest.c  >&5
configure:7105: $? = 0
configure:7111: ./conftest
configure:7115: $? = 0
configure:7133: result: yes
configure:7157: checking for sys/types.h
configure:7178: /usr/bin/gcc-4.5 -c -I/usr/local/include -I/usr/include -I. -I.. -L/usr/lib64 -L/lib64 -L/usr/local/lib -L/usr/lib -L/lib -I/usr/local/include -I/usr/include -I. -I.. -L/usr/lib64 -L/lib64 -L/usr/local/lib -L/usr/lib -L/lib conftest.c >&5
configure:7185: $? = 0
configure:7202: result: yes
configure:7157: checking for sys/stat.h
configure:7178: /usr/bin/gcc-4.5 -c -I/usr/local/include -I/usr/include -I. -I.. -L/usr/lib64 -L/lib64 -L/usr/local/lib -L/usr/lib -L/lib -I/usr/local/include -I/usr/include -I. -I.. -L/usr/lib64 -L/lib64 -L/usr/local/lib -L/usr/lib -L/lib conftest.c >&5
configure:7185: $? = 0
configure:7202: result: yes
configure:7157: checking for stdlib.h
configure:7178: /usr/bin/gcc-4.5 -c -I/usr/local/include -I/usr/include -I. -I.. -L/usr/lib64 -L/lib64 -L/usr/local/lib -L/usr/lib -L/lib -I/usr/local/include -I/usr/include -I. -I.. -L/usr/lib64 -L/lib64 -L/usr/local/lib -L/usr/lib -L/lib conftest.c >&5
configure:7185: $? = 0
configure:7202: result: yes
configure:7157: checking for string.h
configure:7178: /usr/bin/gcc-4.5 -c -I/usr/local/include -I/usr/include -I. -I.. -L/usr/lib64 -L/lib64 -L/usr/local/lib -L/usr/lib -L/lib -I/usr/local/include -I/usr/include -I. -I.. -L/usr/lib64 -L/lib64 -L/usr/local/lib -L/usr/lib -L/lib conftest.c >&5
configure:7185: $? = 0
configure:7202: result: yes
configure:7157: checking for memory.h
configure:7178: /usr/bin/gcc-4.5 -c -I/usr/local/include -I/usr/include -I. -I.. -L/usr/lib64 -L/lib64 -L/usr/local/lib -L/usr/lib -L/lib -I/usr/local/include -I/usr/include -I. -I.. -L/usr/lib64 -L/lib64 -L/usr/local/lib -L/usr/lib -L/lib conftest.c >&5
configure:7185: $? = 0
configure:7202: result: yes
configure:7157: checking for strings.h
configure:7178: /usr/bin/gcc-4.5 -c -I/usr/local/include -I/usr/include -I. -I.. -L/usr/lib64 -L/lib64 -L/usr/local/lib -L/usr/lib -L/lib -I/usr/local/include -I/usr/include -I. -I.. -L/usr/lib64 -L/lib64 -L/usr/local/lib -L/usr/lib -L/lib conftest.c >&5
configure:7185: $? = 0
configure:7202: result: yes
configure:7157: checking for inttypes.h
configure:7178: /usr/bin/gcc-4.5 -c -I/usr/local/include -I/usr/include -I. -I.. -L/usr/lib64 -L/lib64 -L/usr/local/lib -L/usr/lib -L/lib -I/usr/local/include -I/usr/include -I. -I.. -L/usr/lib64 -L/lib64 -L/usr/local/lib -L/usr/lib -L/lib conftest.c >&5
configure:7185: $? = 0
configure:7202: result: yes
configure:7157: checking for stdint.h
configure:7178: /usr/bin/gcc-4.5 -c -I/usr/local/include -I/usr/include -I. -I.. -L/usr/lib64 -L/lib64 -L/usr/local/lib -L/usr/lib -L/lib -I/usr/local/include -I/usr/include -I. -I.. -L/usr/lib64 -L/lib64 -L/usr/local/lib -L/usr/lib -L/lib conftest.c >&5
configure:7185: $? = 0
configure:7202: result: yes
configure:7157: checking for unistd.h
configure:7178: /usr/bin/gcc-4.5 -c -I/usr/local/include -I/usr/include -I. -I.. -L/usr/lib64 -L/lib64 -L/usr/local/lib -L/usr/lib -L/lib -I/usr/local/include -I/usr/include -I. -I.. -L/usr/lib64 -L/lib64 -L/usr/local/lib -L/usr/lib -L/lib conftest.c >&5
configure:7185: $? = 0
configure:7202: result: yes
configure:7220: checking for dlfcn.h
configure:7241: /usr/bin/gcc-4.5 -c -I/usr/local/include -I/usr/include -I. -I.. -L/usr/lib64 -L/lib64 -L/usr/local/lib -L/usr/lib -L/lib -I/usr/local/include -I/usr/include -I. -I.. -L/usr/lib64 -L/lib64 -L/usr/local/lib -L/usr/lib -L/lib conftest.c >&5
configure:7248: $? = 0
configure:7265: result: yes
configure:7451: checking for objdir
configure:7466: result: .libs
configure:7758: checking if /usr/bin/gcc-4.5 supports -fno-rtti -fno-exceptions
configure:7776: /usr/bin/gcc-4.5 -c -I/usr/local/include -I/usr/include -I. -I.. -L/usr/lib64 -L/lib64 -L/usr/local/lib -L/usr/lib -L/lib -I/usr/local/include -I/usr/include -I. -I.. -L/usr/lib64 -L/lib64 -L/usr/local/lib -L/usr/lib -L/lib -fno-rtti -fno-exceptions conftest.c >&5
cc1: warning: command line option "-fno-rtti" is valid for C++/ObjC++ but not for C
configure:7780: $? = 0
configure:7793: result: no
configure:7813: checking for /usr/bin/gcc-4.5 option to produce PIC
configure:8085: result: -fPIC -DPIC
configure:8097: checking if /usr/bin/gcc-4.5 PIC flag -fPIC -DPIC works
configure:8115: /usr/bin/gcc-4.5 -c -I/usr/local/include -I/usr/include -I. -I.. -L/usr/lib64 -L/lib64 -L/usr/local/lib -L/usr/lib -L/lib -I/usr/local/include -I/usr/include -I. -I.. -L/usr/lib64 -L/lib64 -L/usr/local/lib -L/usr/lib -L/lib -fPIC -DPIC -DPIC conftest.c >&5
configure:8119: $? = 0
configure:8132: result: yes
configure:8156: checking if /usr/bin/gcc-4.5 static flag -static works
configure:8184: result: yes
configure:8199: checking if /usr/bin/gcc-4.5 supports -c -o file.o
configure:8220: /usr/bin/gcc-4.5 -c -I/usr/local/include -I/usr/include -I. -I.. -L/usr/lib64 -L/lib64 -L/usr/local/lib -L/usr/lib -L/lib -I/usr/local/include -I/usr/include -I. -I.. -L/usr/lib64 -L/lib64 -L/usr/local/lib -L/usr/lib -L/lib -o out/conftest2.o conftest.c >&5
configure:8224: $? = 0
configure:8246: result: yes
configure:8254: checking if /usr/bin/gcc-4.5 supports -c -o file.o
configure:8301: result: yes
configure:8334: checking whether the /usr/bin/gcc-4.5 linker (/usr/x86_64-suse-linux/bin/ld -m elf_x86_64) supports shared libraries
configure:9408: result: yes
configure:9445: checking whether -lc should be explicitly linked in
configure:9450: /usr/bin/gcc-4.5 -c -I/usr/local/include -I/usr/include -I. -I.. -L/usr/lib64 -L/lib64 -L/usr/local/lib -L/usr/lib -L/lib -I/usr/local/include -I/usr/include -I. -I.. -L/usr/lib64 -L/lib64 -L/usr/local/lib -L/usr/lib -L/lib conftest.c >&5
configure:9453: $? = 0
configure:9468: /usr/bin/gcc-4.5 -shared conftest.o  -v -Wl,-soname -Wl,conftest -o conftest 2\>\&1 \| /bin/grep  -lc  \>/dev/null 2\>\&1
configure:9471: $? = 0
configure:9483: result: no
configure:9647: checking dynamic linker characteristics
configure:10090: /usr/bin/gcc-4.5 -o conftest -I/usr/local/include -I/usr/include -I. -I.. -L/usr/lib64 -L/lib64 -L/usr/local/lib -L/usr/lib -L/lib -I/usr/local/include -I/usr/include -I. -I.. -L/usr/lib64 -L/lib64 -L/usr/local/lib -L/usr/lib -L/lib  -Wl,-rpath -Wl,/foo conftest.c  >&5
configure:10097: $? = 0
configure:10330: result: GNU/Linux ld.so
configure:10432: checking how to hardcode library paths into programs
configure:10457: result: immediate
configure:11290: checking whether stripping libraries is possible
configure:11295: result: yes
configure:11330: checking if libtool supports shared libraries
configure:11332: result: yes
configure:11335: checking whether to build shared libraries
configure:11356: result: yes
configure:11359: checking whether to build static libraries
configure:11363: result: yes
configure:11400: checking whether /usr/bin/gcc-4.5 and cc understand -c and -o together
configure:11435: /usr/bin/gcc-4.5 -c conftest.c -o conftest2.o >&5
configure:11439: $? = 0
configure:11445: /usr/bin/gcc-4.5 -c conftest.c -o conftest2.o >&5
configure:11449: $? = 0
configure:11460: cc -c conftest.c >&5
configure:11464: $? = 0
configure:11472: cc -c conftest.c -o conftest2.o >&5
configure:11476: $? = 0
configure:11482: cc -c conftest.c -o conftest2.o >&5
configure:11486: $? = 0
configure:11504: result: yes
configure:11833: checking for ANSI C header files
configure:12001: result: yes
configure:12022: checking for unistd.h
configure:12029: result: yes
configure:12033: checking time.h usability
configure:12050: /usr/bin/gcc-4.5 -c -I/usr/local/include -I/usr/include -I. -I.. -L/usr/lib64 -L/lib64 -L/usr/local/lib -L/usr/lib -L/lib -I/usr/local/include -I/usr/include -I. -I.. -L/usr/lib64 -L/lib64 -L/usr/local/lib -L/usr/lib -L/lib conftest.c >&5
configure:12057: $? = 0
configure:12071: result: yes
configure:12075: checking time.h presence
configure:12090: /usr/bin/cpp-4.5 -I/usr/local/include -I/usr/include -I. -I.. -L/usr/lib64 -L/lib64 -L/usr/local/lib -L/usr/lib -L/lib conftest.c
configure:12097: $? = 0
configure:12111: result: yes
configure:12144: checking for time.h
configure:12153: result: yes
configure:12022: checking for string.h
configure:12029: result: yes
configure:12033: checking alloca.h usability
configure:12050: /usr/bin/gcc-4.5 -c -I/usr/local/include -I/usr/include -I. -I.. -L/usr/lib64 -L/lib64 -L/usr/local/lib -L/usr/lib -L/lib -I/usr/local/include -I/usr/include -I. -I.. -L/usr/lib64 -L/lib64 -L/usr/local/lib -L/usr/lib -L/lib conftest.c >&5
configure:12057: $? = 0
configure:12071: result: yes
configure:12075: checking alloca.h presence
configure:12090: /usr/bin/cpp-4.5 -I/usr/local/include -I/usr/include -I. -I.. -L/usr/lib64 -L/lib64 -L/usr/local/lib -L/usr/lib -L/lib conftest.c
configure:12097: $? = 0
configure:12111: result: yes
configure:12144: checking for alloca.h
configure:12153: result: yes
configure:12033: checking stdio.h usability
configure:12050: /usr/bin/gcc-4.5 -c -I/usr/local/include -I/usr/include -I. -I.. -L/usr/lib64 -L/lib64 -L/usr/local/lib -L/usr/lib -L/lib -I/usr/local/include -I/usr/include -I. -I.. -L/usr/lib64 -L/lib64 -L/usr/local/lib -L/usr/lib -L/lib conftest.c >&5
configure:12057: $? = 0
configure:12071: result: yes
configure:12075: checking stdio.h presence
configure:12090: /usr/bin/cpp-4.5 -I/usr/local/include -I/usr/include -I. -I.. -L/usr/lib64 -L/lib64 -L/usr/local/lib -L/usr/lib -L/lib conftest.c
configure:12097: $? = 0
configure:12111: result: yes
configure:12144: checking for stdio.h
configure:12153: result: yes
configure:12033: checking stdarg.h usability
configure:12050: /usr/bin/gcc-4.5 -c -I/usr/local/include -I/usr/include -I. -I.. -L/usr/lib64 -L/lib64 -L/usr/local/lib -L/usr/lib -L/lib -I/usr/local/include -I/usr/include -I. -I.. -L/usr/lib64 -L/lib64 -L/usr/local/lib -L/usr/lib -L/lib conftest.c >&5
configure:12057: $? = 0
configure:12071: result: yes
configure:12075: checking stdarg.h presence
configure:12090: /usr/bin/cpp-4.5 -I/usr/local/include -I/usr/include -I. -I.. -L/usr/lib64 -L/lib64 -L/usr/local/lib -L/usr/lib -L/lib conftest.c
configure:12097: $? = 0
configure:12111: result: yes
configure:12144: checking for stdarg.h
configure:12153: result: yes
configure:12033: checking math.h usability
configure:12050: /usr/bin/gcc-4.5 -c -I/usr/local/include -I/usr/include -I. -I.. -L/usr/lib64 -L/lib64 -L/usr/local/lib -L/usr/lib -L/lib -I/usr/local/include -I/usr/include -I. -I.. -L/usr/lib64 -L/lib64 -L/usr/local/lib -L/usr/lib -L/lib conftest.c >&5
configure:12057: $? = 0
configure:12071: result: yes
configure:12075: checking math.h presence
configure:12090: /usr/bin/cpp-4.5 -I/usr/local/include -I/usr/include -I. -I.. -L/usr/lib64 -L/lib64 -L/usr/local/lib -L/usr/lib -L/lib conftest.c
configure:12097: $? = 0
configure:12111: result: yes
configure:12144: checking for math.h
configure:12153: result: yes
configure:12169: checking whether sys/types.h defines makedev
configure:12195: /usr/bin/gcc-4.5 -o conftest -I/usr/local/include -I/usr/include -I. -I.. -L/usr/lib64 -L/lib64 -L/usr/local/lib -L/usr/lib -L/lib -I/usr/local/include -I/usr/include -I. -I.. -L/usr/lib64 -L/lib64 -L/usr/local/lib -L/usr/lib -L/lib  conftest.c  >&5
configure:12202: $? = 0
configure:12223: result: yes
configure:12516: checking for working alloca.h
configure:12543: /usr/bin/gcc-4.5 -o conftest -I/usr/local/include -I/usr/include -I. -I.. -L/usr/lib64 -L/lib64 -L/usr/local/lib -L/usr/lib -L/lib -I/usr/local/include -I/usr/include -I. -I.. -L/usr/lib64 -L/lib64 -L/usr/local/lib -L/usr/lib -L/lib  conftest.c  >&5
configure:12550: $? = 0
configure:12570: result: yes
configure:12580: checking for alloca
configure:12627: /usr/bin/gcc-4.5 -o conftest -I/usr/local/include -I/usr/include -I. -I.. -L/usr/lib64 -L/lib64 -L/usr/local/lib -L/usr/lib -L/lib -I/usr/local/include -I/usr/include -I. -I.. -L/usr/lib64 -L/lib64 -L/usr/local/lib -L/usr/lib -L/lib  conftest.c  >&5
configure:12634: $? = 0
configure:12654: result: yes
configure:12891: checking whether struct tm is in sys/time.h or time.h
configure:12921: /usr/bin/gcc-4.5 -c -I/usr/local/include -I/usr/include -I. -I.. -L/usr/lib64 -L/lib64 -L/usr/local/lib -L/usr/lib -L/lib -I/usr/local/include -I/usr/include -I. -I.. -L/usr/lib64 -L/lib64 -L/usr/local/lib -L/usr/lib -L/lib conftest.c >&5
configure:12928: $? = 0
configure:12943: result: time.h
configure:12953: checking for struct stat.st_blocks
configure:12981: /usr/bin/gcc-4.5 -c -I/usr/local/include -I/usr/include -I. -I.. -L/usr/lib64 -L/lib64 -L/usr/local/lib -L/usr/lib -L/lib -I/usr/local/include -I/usr/include -I. -I.. -L/usr/lib64 -L/lib64 -L/usr/local/lib -L/usr/lib -L/lib conftest.c >&5
configure:12988: $? = 0
configure:13046: result: yes
configure:13077: checking for dirent.h that defines DIR
configure:13106: /usr/bin/gcc-4.5 -c -I/usr/local/include -I/usr/include -I. -I.. -L/usr/lib64 -L/lib64 -L/usr/local/lib -L/usr/lib -L/lib -I/usr/local/include -I/usr/include -I. -I.. -L/usr/lib64 -L/lib64 -L/usr/local/lib -L/usr/lib -L/lib conftest.c >&5
configure:13113: $? = 0
configure:13130: result: yes
configure:13145: checking for library containing opendir
configure:13186: /usr/bin/gcc-4.5 -o conftest -I/usr/local/include -I/usr/include -I. -I.. -L/usr/lib64 -L/lib64 -L/usr/local/lib -L/usr/lib -L/lib -I/usr/local/include -I/usr/include -I. -I.. -L/usr/lib64 -L/lib64 -L/usr/local/lib -L/usr/lib -L/lib  conftest.c  >&5
configure:13193: $? = 0
configure:13224: result: none required
configure:13322: checking whether closedir returns void
configure:13356: /usr/bin/gcc-4.5 -o conftest -I/usr/local/include -I/usr/include -I. -I.. -L/usr/lib64 -L/lib64 -L/usr/local/lib -L/usr/lib -L/lib -I/usr/local/include -I/usr/include -I. -I.. -L/usr/lib64 -L/lib64 -L/usr/local/lib -L/usr/lib -L/lib  conftest.c  >&5
configure:13360: $? = 0
configure:13366: ./conftest
configure:13370: $? = 0
configure:13387: result: no
configure:13454: checking for curl
configure:13473: found /usr/bin/curl
configure:13486: result: /usr/bin/curl
configure:13552: checking for pkg-config
configure:13570: found /usr/bin/pkg-config
configure:13582: result: /usr/bin/pkg-config
configure:13607: checking pkg-config is at least version 0.9.0
configure:13610: result: yes
configure:13623: checking for CURL
configure:13630: $PKG_CONFIG --exists --print-errors "libcurl"
configure:13633: $? = 0
configure:13646: $PKG_CONFIG --exists --print-errors "libcurl"
configure:13649: $? = 0
configure:13726: result: yes
configure:13895: checking openssl/hmac.h usability
configure:13912: /usr/bin/gcc-4.5 -c -I/usr/local/include -I/usr/include -I. -I.. -L/usr/lib64 -L/lib64 -L/usr/local/lib -L/usr/lib -L/lib -I/usr/local/include -I/usr/include -I. -I.. -L/usr/lib64 -L/lib64 -L/usr/local/lib -L/usr/lib -L/lib conftest.c >&5
configure:13919: $? = 0
configure:13933: result: yes
configure:13937: checking openssl/hmac.h presence
configure:13952: /usr/bin/cpp-4.5 -I/usr/local/include -I/usr/include -I. -I.. -L/usr/lib64 -L/lib64 -L/usr/local/lib -L/usr/lib -L/lib conftest.c
configure:13959: $? = 0
configure:13973: result: yes
configure:14006: checking for openssl/hmac.h
configure:14015: result: yes
configure:14052:

  NOTE: OpenSSL is not compatible with GPL applications.
  Even if only linked with GPL code you are not allowed to distibute your app.
  However liboauth provides an exeption (to the GPL) to circumvent this issue
  (see README, src/hash.c). Nevertheless, double-check your licensing.

  liboauth is licensed under MIT license but it is comatible with the GPL.

  Either way, you are probably better off using NSS (configure --enable-nss);
  future versions of liboauth will default to the Mozilla NSS.

  see http://people.gnome.org/~markmc/openssl-and-the-gpl.html
  
configure:14084: checking for doxygen
configure:14102: found /usr/bin/doxygen
configure:14115: result: /usr/bin/doxygen
configure:14131: checking for dot
configure:14149: found /usr/bin/dot
configure:14162: result: /usr/bin/dot
configure:14183: checking for perl
configure:14201: found /usr/bin/perl
configure:14214: result: /usr/bin/perl
configure:14361: creating ./config.status

## ---------------------- ##
## Running config.status. ##
## ---------------------- ##

This file was extended by liboauth config.status -, which was
generated by GNU Autoconf 2.63.  Invocation command line was

  CONFIG_FILES    = 
  CONFIG_HEADERS  = 
  CONFIG_LINKS    = 
  CONFIG_COMMANDS = 
  $ ./config.status 

on uberhotty

config.status:1038: creating Makefile
config.status:1038: creating src/Makefile
config.status:1038: creating doc/Makefile
config.status:1038: creating tests/Makefile
config.status:1038: creating liboauth.lsm
config.status:1038: creating oauth.pc
config.status:1038: creating Doxyfile
config.status:1038: creating doc/mainpage.dox
config.status:1038: creating src/config.h
config.status:1260: src/config.h is unchanged
config.status:1312: executing tests/atconfig commands
config.status:1312: executing depfiles commands
config.status:1312: executing libtool commands
configure:16643:

 liboauth configured:
 -----------------------

  version:                0.8.9
  interface revision:     7:0:7
  hash/signature:         OpenSSL
  http integration:       libcurl
  libcurl-timeout:        -
  generate documentation: /usr/bin/doxygen
  installation prefix:    /usr

 type "make" followed my "make install" as root.
 run "make dox" to generate API html reference: doc/html/index.html


## ---------------- ##
## Cache variables. ##
## ---------------- ##

ac_cv_build=x86_64-suse-linux-gnu
ac_cv_c_compiler_gnu=yes
ac_cv_env_CC_set=set
ac_cv_env_CC_value=/usr/bin/gcc-4.5
ac_cv_env_CFLAGS_set=set
ac_cv_env_CFLAGS_value='-I/usr/local/include -I/usr/include -I. -I.. -L/usr/lib64 -L/lib64 -L/usr/local/lib -L/usr/lib -L/lib'
ac_cv_env_CPPFLAGS_set=set
ac_cv_env_CPPFLAGS_value='-I/usr/local/include -I/usr/include -I. -I.. -L/usr/lib64 -L/lib64 -L/usr/local/lib -L/usr/lib -L/lib'
ac_cv_env_CPP_set=set
ac_cv_env_CPP_value=/usr/bin/cpp-4.5
ac_cv_env_CURL_CFLAGS_set=
ac_cv_env_CURL_CFLAGS_value=
ac_cv_env_CURL_LIBS_set=
ac_cv_env_CURL_LIBS_value=
ac_cv_env_DOT_set=
ac_cv_env_DOT_value=
ac_cv_env_DOXYGEN_set=
ac_cv_env_DOXYGEN_value=
ac_cv_env_LDFLAGS_set=
ac_cv_env_LDFLAGS_value=
ac_cv_env_LIBS_set=
ac_cv_env_LIBS_value=
ac_cv_env_NSS_CFLAGS_set=
ac_cv_env_NSS_CFLAGS_value=
ac_cv_env_NSS_LIBS_set=
ac_cv_env_NSS_LIBS_value=
ac_cv_env_PERL_set=
ac_cv_env_PERL_value=
ac_cv_env_PKG_CONFIG_set=
ac_cv_env_PKG_CONFIG_value=
ac_cv_env_build_alias_set=
ac_cv_env_build_alias_value=
ac_cv_env_host_alias_set=
ac_cv_env_host_alias_value=
ac_cv_env_target_alias_set=
ac_cv_env_target_alias_value=
ac_cv_func_alloca_works=yes
ac_cv_func_closedir_void=no
ac_cv_header_alloca_h=yes
ac_cv_header_dirent_dirent_h=yes
ac_cv_header_dlfcn_h=yes
ac_cv_header_inttypes_h=yes
ac_cv_header_math_h=yes
ac_cv_header_memory_h=yes
ac_cv_header_openssl_hmac_h=yes
ac_cv_header_stdarg_h=yes
ac_cv_header_stdc=yes
ac_cv_header_stdint_h=yes
ac_cv_header_stdio_h=yes
ac_cv_header_stdlib_h=yes
ac_cv_header_string_h=yes
ac_cv_header_strings_h=yes
ac_cv_header_sys_stat_h=yes
ac_cv_header_sys_types_h=yes
ac_cv_header_sys_types_h_makedev=yes
ac_cv_header_time_h=yes
ac_cv_header_unistd_h=yes
ac_cv_host=x86_64-suse-linux-gnu
ac_cv_member_struct_stat_st_blocks=yes
ac_cv_objext=o
ac_cv_path_CURLCMD=/usr/bin/curl
ac_cv_path_DOT=/usr/bin/dot
ac_cv_path_DOXYGEN=/usr/bin/doxygen
ac_cv_path_EGREP='/bin/grep -E'
ac_cv_path_FGREP='/bin/grep -F'
ac_cv_path_GREP=/bin/grep
ac_cv_path_PERL=/usr/bin/perl
ac_cv_path_SED=/bin/sed
ac_cv_path_ac_pt_PKG_CONFIG=/usr/bin/pkg-config
ac_cv_path_install='/usr/bin/install -c'
ac_cv_path_mkdir=/bin/mkdir
ac_cv_prog_AWK=gawk
ac_cv_prog_CPP=/usr/bin/cpp-4.5
ac_cv_prog_ac_ct_AR=ar
ac_cv_prog_ac_ct_CC=/usr/bin/gcc-4.5
ac_cv_prog_ac_ct_OBJDUMP=objdump
ac_cv_prog_ac_ct_RANLIB=ranlib
ac_cv_prog_ac_ct_STRIP=strip
ac_cv_prog_cc__usr_bin_gcc_4_5_c_o=yes
ac_cv_prog_cc_c89=
ac_cv_prog_cc_g=yes
ac_cv_prog_make_make_set=yes
ac_cv_search_opendir='none required'
ac_cv_struct_tm=time.h
ac_cv_target=x86_64-suse-linux-gnu
ac_cv_working_alloca_h=yes
am_cv_CC_dependencies_compiler_type=gcc3
lt_cv_deplibs_check_method=pass_all
lt_cv_file_magic_cmd='$MAGIC_CMD'
lt_cv_file_magic_test_file=
lt_cv_ld_reload_flag=-r
lt_cv_nm_interface='BSD nm'
lt_cv_objdir=.libs
lt_cv_path_LD=/usr/x86_64-suse-linux/bin/ld
lt_cv_path_NM='/usr/bin/nm -B'
lt_cv_prog_compiler_c_o=yes
lt_cv_prog_compiler_pic_works=yes
lt_cv_prog_compiler_rtti_exceptions=no
lt_cv_prog_compiler_static_works=yes
lt_cv_prog_gnu_ld=yes
lt_cv_sys_global_symbol_pipe='sed -n -e '\''s/^.*[	 ]\([ABCDGIRSTW][ABCDGIRSTW]*\)[	 ][	 ]*\([_A-Za-z][_A-Za-z0-9]*\)$/\1 \2 \2/p'\'''
lt_cv_sys_global_symbol_to_c_name_address='sed -n -e '\''s/^: \([^ ]*\) $/  {\"\1\", (void *) 0},/p'\'' -e '\''s/^[ABCDGIRSTW]* \([^ ]*\) \([^ ]*\)$/  {"\2", (void *) \&\2},/p'\'''
lt_cv_sys_global_symbol_to_c_name_address_lib_prefix='sed -n -e '\''s/^: \([^ ]*\) $/  {\"\1\", (void *) 0},/p'\'' -e '\''s/^[ABCDGIRSTW]* \([^ ]*\) \(lib[^ ]*\)$/  {"\2", (void *) \&\2},/p'\'' -e '\''s/^[ABCDGIRSTW]* \([^ ]*\) \([^ ]*\)$/  {"lib\2", (void *) \&\2},/p'\'''
lt_cv_sys_global_symbol_to_cdecl='sed -n -e '\''s/^T .* \(.*\)$/extern int \1();/p'\'' -e '\''s/^[ABCDGIRSTW]* .* \(.*\)$/extern char \1;/p'\'''
lt_cv_sys_max_cmd_len=1572864
pkg_cv_CURL_CFLAGS=' '
pkg_cv_CURL_LIBS='-lcurl  '

## ----------------- ##
## Output variables. ##
## ----------------- ##

ACLOCAL='${SHELL} /programs/src/liboauth/missing --run aclocal-1.11'
ALLOCA=''
AMDEPBACKSLASH='\'
AMDEP_FALSE='#'
AMDEP_TRUE=''
AMTAR='${SHELL} /programs/src/liboauth/missing --run tar'
AR='ar'
AS='as'
AUTOCONF='${SHELL} /programs/src/liboauth/missing --run autoconf'
AUTOHEADER='${SHELL} /programs/src/liboauth/missing --run autoheader'
AUTOMAKE='${SHELL} /programs/src/liboauth/missing --run automake-1.11'
AWK='gawk'
CC='/usr/bin/gcc-4.5'
CCDEPMODE='depmode=gcc3'
CFLAGS='-I/usr/local/include -I/usr/include -I. -I.. -L/usr/lib64 -L/lib64 -L/usr/local/lib -L/usr/lib -L/lib'
CPP='/usr/bin/cpp-4.5'
CPPFLAGS='-I/usr/local/include -I/usr/include -I. -I.. -L/usr/lib64 -L/lib64 -L/usr/local/lib -L/usr/lib -L/lib'
CURLCMD='/usr/bin/curl'
CURL_CFLAGS=' '
CURL_LIBS='-lcurl  '
CYGPATH_W='echo'
DEFS='-DHAVE_CONFIG_H'
DEPDIR='.deps'
DLLTOOL='dlltool'
DOT='/usr/bin/dot'
DOTPATH='/usr/bin'
DOXYGEN='/usr/bin/doxygen'
DSYMUTIL=''
DUMPBIN=''
ECHO_C=''
ECHO_N='-n'
ECHO_T=''
EGREP='/bin/grep -E'
EXEEXT=''
EXESUF=''
FGREP='/bin/grep -F'
GREP='/bin/grep'
HASH_CFLAGS=''
HASH_LIBS='-lcrypto'
HAVEDOT='YES'
INSTALL_DATA='${INSTALL} -m 644'
INSTALL_PROGRAM='${INSTALL}'
INSTALL_SCRIPT='${INSTALL}'
INSTALL_STRIP_PROGRAM='$(install_sh) -c -s'
ISODATE='2010-09-01'
LD='/usr/x86_64-suse-linux/bin/ld -m elf_x86_64'
LDFLAGS=''
LIBOAUTH_CFLAGS='-Wall'
LIBOAUTH_LDFLAGS='-Wall -export-symbols-regex '\''^oauth_.*'\'''
LIBOBJS=''
LIBS=''
LIBTOOL='$(SHELL) $(top_builddir)/libtool'
LIPO=''
LN_S='ln -s'
LTLIBOBJS=''
MAKEINFO='${SHELL} /programs/src/liboauth/missing --run makeinfo'
MKDIR_P='/bin/mkdir -p'
NM='/usr/bin/nm -B'
NMEDIT=''
NSS_CFLAGS=''
NSS_LIBS=''
OBJDUMP='objdump'
OBJEXT='o'
OTOOL64=''
OTOOL=''
PACKAGE='liboauth'
PACKAGE_BUGREPORT='robin AT gareus DOT org'
PACKAGE_NAME='liboauth'
PACKAGE_STRING='liboauth -'
PACKAGE_TARNAME='liboauth'
PACKAGE_VERSION='-'
PATH_SEPARATOR=':'
PC_LIB=' -lcurl -lcrypto'
PC_REQ=' libcurl libcrypto'
PERL='/usr/bin/perl'
PKG_CONFIG='/usr/bin/pkg-config'
RANLIB='ranlib'
SED='/bin/sed'
SET_MAKE=''
SHELL='/bin/sh'
STRIP='strip'
TEST_UNICODE='-DTEST_UNICODE'
VERSION='0.8.9'
VERSION_INFO='7:0:7'
ac_ct_CC='/usr/bin/gcc-4.5'
ac_ct_DUMPBIN=''
am__EXEEXT_FALSE=''
am__EXEEXT_TRUE='#'
am__fastdepCC_FALSE='#'
am__fastdepCC_TRUE=''
am__include='include'
am__isrc=''
am__leading_dot='.'
am__quote=''
am__tar='${AMTAR} chof - "$$tardir"'
am__untar='${AMTAR} xf -'
bindir='${exec_prefix}/bin'
build='x86_64-suse-linux-gnu'
build_alias=''
build_cpu='x86_64'
build_os='linux-gnu'
build_vendor='suse'
datadir='${datarootdir}'
datarootdir='${prefix}/share'
docdir='${datarootdir}/doc/${PACKAGE_TARNAME}'
dvidir='${docdir}'
exec_prefix='${prefix}'
host='x86_64-suse-linux-gnu'
host_alias=''
host_cpu='x86_64'
host_os='linux-gnu'
host_vendor='suse'
htmldir='${docdir}'
includedir='${prefix}/include'
infodir='${datarootdir}/info'
install_sh='${SHELL} /programs/src/liboauth/install-sh'
libdir='${exec_prefix}/lib'
libexecdir='${exec_prefix}/libexec'
localedir='${datarootdir}/locale'
localstatedir='${prefix}/var'
lt_ECHO='echo'
mandir='${datarootdir}/man'
mkdir_p='/bin/mkdir -p'
oldincludedir='/usr/include'
pdfdir='${docdir}'
prefix='/usr'
program_transform_name='s,x,x,'
psdir='${docdir}'
sbindir='${exec_prefix}/sbin'
sharedstatedir='${prefix}/com'
subdirs='src doc tests'
sysconfdir='${prefix}/etc'
target='x86_64-suse-linux-gnu'
target_alias=''
target_cpu='x86_64'
target_os='linux-gnu'
target_vendor='suse'

## ----------- ##
## confdefs.h. ##
## ----------- ##

#define PACKAGE_NAME "liboauth"
#define PACKAGE_TARNAME "liboauth"
#define PACKAGE_VERSION "-"
#define PACKAGE_STRING "liboauth -"
#define PACKAGE_BUGREPORT "robin AT gareus DOT org"
#define PACKAGE "liboauth"
#define VERSION "0.8.9"
#define STDC_HEADERS 1
#define HAVE_SYS_TYPES_H 1
#define HAVE_SYS_STAT_H 1
#define HAVE_STDLIB_H 1
#define HAVE_STRING_H 1
#define HAVE_MEMORY_H 1
#define HAVE_STRINGS_H 1
#define HAVE_INTTYPES_H 1
#define HAVE_STDINT_H 1
#define HAVE_UNISTD_H 1
#define HAVE_DLFCN_H 1
#define LT_OBJDIR ".libs/"
#define STDC_HEADERS 1
#define HAVE_UNISTD_H 1
#define HAVE_TIME_H 1
#define HAVE_STRING_H 1
#define HAVE_ALLOCA_H 1
#define HAVE_STDIO_H 1
#define HAVE_STDARG_H 1
#define HAVE_MATH_H 1
#define HAVE_ALLOCA_H 1
#define HAVE_ALLOCA 1
#define HAVE_STRUCT_STAT_ST_BLOCKS 1
#define HAVE_ST_BLOCKS 1
#define HAVE_DIRENT_H 1
#define HAVE_SHELL_CURL 1
#define HAVE_CURL 1
#define HAVE_OPENSSL_HMAC_H 1

configure: exit 0
