This file contains any messages produced by compilers while
running configure, to aid debugging if configure makes a mistake.

It was created by get2gnow configure 0.1.0.1, which was
generated by GNU Autoconf 2.61.  Invocation command line was

  $ ../configure --enable-gdb --libdir=/usr/lib64 --prefix=/usr --enable-debug

## --------- ##
## Platform. ##
## --------- ##

hostname = i-am-an-uberhotty
uname -m = x86_64
uname -r = 2.6.27.29-0.1-default
uname -s = Linux
uname -v = #1 SMP 2009-08-15 17:53:59 +0200

/usr/bin/uname -p = unknown
/bin/uname -X     = unknown

/bin/arch              = x86_64
/usr/bin/arch -k       = unknown
/usr/convex/getsysinfo = unknown
/usr/bin/hostinfo      = unknown
/bin/machine           = unknown
/usr/bin/oslevel       = unknown
/bin/universe          = unknown

PATH: .
PATH: /bin
PATH: /usr/bin
PATH: /usr/local/bin
PATH: /sbin
PATH: /usr/sbin
PATH: /usr/local/sbin
PATH: /etc/init.d
PATH: /projects/gtk/alacast/bin
PATH: /projects/gtk/alacast/scripts
PATH: .
PATH: /projects/cli
PATH: /projects/cli/scripts
PATH: /projects/cli/helpers
PATH: /projects/cli/helpers/rm
PATH: /projects/cli/permissions
PATH: /projects/cli/resolutions
PATH: /projects/cli/resolutions/media
PATH: /projects/cli/resolutions/gnome-terminal
PATH: /projects/cli/resolutions/video
PATH: /projects/cli/build-scripts
PATH: /projects/cli/media
PATH: /projects/cli/media/gpodder-helper-scripts
PATH: /projects/cli/media/podnovel-helpers
PATH: /projects/cli/media/HandBrake
PATH: /projects/cli/launchers
PATH: /projects/cli/setenv
PATH: /projects/cli/logs
PATH: /projects/cli/lost+found
PATH: /projects/cli/game-dev
PATH: /projects/cli/game-dev/engines
PATH: /projects/cli/sudo
PATH: /projects/cli/devel
PATH: /projects/cli/devel/make
PATH: /projects/cli/devel/templates
PATH: /projects/cli/tcshrc
PATH: /projects/cli/remote-fs
PATH: /projects/cli/convert
PATH: /projects/cli/xml-parsers
PATH: /projects/cli/templates
PATH: /projects/cli/templates/scripts
PATH: /projects/cli/templates/project-docs
PATH: /bin
PATH: /projects/games/engines/Raydium/raydium/bin
PATH: /usr/lib
PATH: /usr/lib
PATH: /usr/lib/acpid
PATH: /usr/lib/alsa-lib/smixer
PATH: /usr/lib/at-spi
PATH: /usr/lib/baselibs-32bit/bin
PATH: /usr/lib/bonobo
PATH: /usr/lib/bonobo/monikers
PATH: /usr/lib/bootloader
PATH: /usr/lib/ConsoleKit
PATH: /usr/lib/ConsoleKit/scripts
PATH: /usr/lib/cron
PATH: /usr/lib/debug/opt/cross/bin
PATH: /usr/lib/debug/opt/cross/lib64/gcc/avr/4.1.3
PATH: /usr/lib/debug/opt/cross/lib64/gcc/avr/4.1.3/install-tools
PATH: /usr/lib/debug/opt/cross/lib64/gcc/spu/4.3
PATH: /usr/lib/debug/opt/cross/lib64/gcc/spu/4.3/install-tools
PATH: /usr/lib/debug/usr/bin
PATH: /usr/lib/debug/usr/lib/GConf/2
PATH: /usr/lib/debug/usr/lib/git
PATH: /usr/lib/debug/usr/lib/gnome-keyring-1
PATH: /usr/lib/debug/usr/lib/gnome-vfs-2.0
PATH: /usr/lib/dirmngr
PATH: /usr/lib/engines
PATH: /usr/lib/GConf/2
PATH: /usr/lib/gconv
PATH: /usr/lib/gdm
PATH: /usr/lib/git
PATH: /usr/lib/gnome-keyring
PATH: /usr/lib/gnome-keyring-1
PATH: /usr/lib/gnome-keyring/devel
PATH: /usr/lib/gnome-keyring/standalone
PATH: /usr/lib/gnome-main-menu
PATH: /usr/lib/gnome-panel
PATH: /usr/lib/gnome-panel/gnome-applets
PATH: /usr/lib/gnome-pilot
PATH: /usr/lib/gnome-screensaver
PATH: /usr/lib/gnome-screensaver/gnome-screensaver
PATH: /usr/lib/gnome-settings-daemon
PATH: /usr/lib/gnome-vfs-2.0
PATH: /usr/lib/gtk-2.0/2.10.0/engines
PATH: /usr/lib/gtk-2.0/2.10.0/immodules
PATH: /usr/lib/gtk-2.0/2.10.0/loaders
PATH: /usr/lib/gtk-2.0/2.10.0/printbackends
PATH: /usr/lib/gtk-2.0/modules
PATH: /usr/lib/hdparm
PATH: /usr/lib/ImageMagick-6.4.3/modules-Q16/coders
PATH: /usr/lib/ImageMagick-6.4.3/modules-Q16/filters
PATH: /usr/lib/libcanberra-0.12
PATH: /usr/lib/libgnomesu
PATH: /usr/lib/libproxy/0.2.3/plugins
PATH: /usr/lib/lsb
PATH: /usr/lib/man-db
PATH: /usr/lib/metacity
PATH: /usr/lib/mit/bin
PATH: /usr/lib/mit/helper
PATH: /usr/lib/mit/sbin
PATH: /usr/lib/module-init-tools
PATH: /usr/lib/mono/1.0
PATH: /usr/lib/mono/2.0
PATH: /usr/lib/mono/2.1
PATH: /usr/lib/mono/gac/Accessibility/1.0.5000.0__b03f5f7f11d50a3a
PATH: /usr/lib/mono/gac/Accessibility/2.0.0.0__b03f5f7f11d50a3a
PATH: /usr/lib/mono/gac/art-sharp/2.24.0.0__35e10195dab3c99f
PATH: /usr/lib/mono/gac/atk-sharp/2.12.0.0__35e10195dab3c99f
PATH: /usr/lib/mono/gac/avahi-sharp/1.0.0.0__4d116c78973743f5
PATH: /usr/lib/mono/gac/avahi-ui-sharp/0.0.0.0__4d116c78973743f5
PATH: /usr/lib/mono/gac/Boo.Lang/2.0.0.0__32c39770e9a21a67
PATH: /usr/lib/mono/gac/Boo.Lang.CodeDom/2.0.0.0__32c39770e9a21a67
PATH: /usr/lib/mono/gac/Boo.Lang.Compiler/2.0.0.0__32c39770e9a21a67
PATH: /usr/lib/mono/gac/Boo.Lang.Extensions/2.0.0.0__32c39770e9a21a67
PATH: /usr/lib/mono/gac/Boo.Lang.Interpreter/2.0.0.0__32c39770e9a21a67
PATH: /usr/lib/mono/gac/Boo.Lang.Parser/2.0.0.0__32c39770e9a21a67
PATH: /usr/lib/mono/gac/Boo.Lang.PatternMatching/2.0.0.0__32c39770e9a21a67
PATH: /usr/lib/mono/gac/Boo.Lang.Useful/2.0.0.0__32c39770e9a21a67
PATH: /usr/lib/mono/gac/Commons.Xml.Relaxng/1.0.5000.0__0738eb9f132ed756
PATH: /usr/lib/mono/gac/Commons.Xml.Relaxng/2.0.0.0__0738eb9f132ed756
PATH: /usr/lib/mono/gac/cscompmgd/7.0.5000.0__b03f5f7f11d50a3a
PATH: /usr/lib/mono/gac/cscompmgd/8.0.0.0__b03f5f7f11d50a3a
PATH: /usr/lib/mono/gac/CustomMarshalers/1.0.5000.0__b03f5f7f11d50a3a
PATH: /usr/lib/mono/gac/CustomMarshalers/2.0.0.0__b03f5f7f11d50a3a
PATH: /usr/lib/mono/gac/evolution-sharp/5.0.0.0__c46a23b774189844
PATH: /usr/lib/mono/gac/gconf-sharp/2.24.0.0__35e10195dab3c99f
PATH: /usr/lib/mono/gac/gconf-sharp-peditors/2.24.0.0__35e10195dab3c99f
PATH: /usr/lib/mono/gac/gdk-sharp/2.12.0.0__35e10195dab3c99f
PATH: /usr/lib/mono/gac/glade-sharp/2.12.0.0__35e10195dab3c99f
PATH: /usr/lib/mono/gac/glib-sharp/2.12.0.0__35e10195dab3c99f
PATH: /usr/lib/mono/gac/gmime-sharp/2.2.0.0__677013d4cb5910f0
PATH: /usr/lib/mono/gac/gnomedesktop-sharp/2.20.0.0__35e10195dab3c99f
PATH: /usr/lib/mono/gac/Gnome.Keyring/1.0.0.0__1a73e1bde00c9b66
PATH: /usr/lib/mono/gac/gnome-panel-sharp/2.24.0.0__35e10195dab3c99f
PATH: /usr/lib/mono/gac/gnome-sharp/2.24.0.0__35e10195dab3c99f
PATH: /usr/lib/mono/gac/gnome-vfs-sharp/2.24.0.0__35e10195dab3c99f
PATH: /usr/lib/mono/gac/gsf-sharp/0.0.0.7__35e10195dab3c99f
PATH: /usr/lib/mono/gac/gtk-dotnet/2.12.0.0__35e10195dab3c99f
PATH: /usr/lib/mono/gac/gtkhtml-sharp/3.16.0.0__35e10195dab3c99f
PATH: /usr/lib/mono/gac/gtk-sharp/2.12.0.0__35e10195dab3c99f
PATH: /usr/lib/mono/gac/I18N/1.0.5000.0__0738eb9f132ed756
PATH: /usr/lib/mono/gac/I18N/2.0.0.0__0738eb9f132ed756
PATH: /usr/lib/mono/gac/I18N.West/1.0.5000.0__0738eb9f132ed756
PATH: /usr/lib/mono/gac/I18N.West/2.0.0.0__0738eb9f132ed756
PATH: /usr/lib/mono/gac/ICSharpCode.SharpZipLib/0.6.0.0__1b03e6acf1164f73
PATH: /usr/lib/mono/gac/ICSharpCode.SharpZipLib/0.84.0.0__1b03e6acf1164f73
PATH: /usr/lib/mono/gac/ICSharpCode.SharpZipLib/2.6.0.0__1b03e6acf1164f73
PATH: /usr/lib/mono/gac/ICSharpCode.SharpZipLib/2.84.0.0__1b03e6acf1164f73
PATH: /usr/lib/mono/gac/Microsoft.VisualC/7.0.5000.0__b03f5f7f11d50a3a
PATH: /usr/lib/mono/gac/Microsoft.VisualC/8.0.0.0__b03f5f7f11d50a3a
PATH: /usr/lib/mono/gac/Mono.Addins/0.4.0.0__0738eb9f132ed756
PATH: /usr/lib/mono/gac/Mono.Addins.CecilReflector/0.4.0.0__0738eb9f132ed756
PATH: /usr/lib/mono/gac/Mono.Addins.Gui/0.4.0.0__0738eb9f132ed756
PATH: /usr/lib/mono/gac/Mono.Addins.Setup/0.4.0.0__0738eb9f132ed756
PATH: /usr/lib/mono/gac/Mono.C5/1.0.0.0__ba07f434b1c35cbd
PATH: /usr/lib/mono/gac/Mono.Cairo/1.0.5000.0__0738eb9f132ed756
PATH: /usr/lib/mono/gac/Mono.Cairo/2.0.0.0__0738eb9f132ed756
PATH: /usr/lib/mono/gac/Mono.Cecil/0.6.9.0__0738eb9f132ed756
PATH: /usr/lib/mono/gac/Mono.Cecil.Mdb/0.2.0.0__0738eb9f132ed756
PATH: /usr/lib/mono/gac/Mono.CompilerServices.SymbolWriter/1.0.5000.0__0738eb9f132ed756
PATH: /usr/lib/mono/gac/Mono.CompilerServices.SymbolWriter/2.0.0.0__0738eb9f132ed756
PATH: /usr/lib/mono/gac/Mono.Data/1.0.5000.0__0738eb9f132ed756
PATH: /usr/lib/mono/gac/Mono.Data/2.0.0.0__0738eb9f132ed756
PATH: /usr/lib/mono/gac/Mono.Data.Sqlite/1.0.5000.0__0738eb9f132ed756
PATH: /usr/lib/mono/gac/Mono.Data.Sqlite/2.0.0.0__0738eb9f132ed756
PATH: /usr/lib/mono/gac/Mono.Data.SqliteClient/1.0.5000.0__0738eb9f132ed756
PATH: /usr/lib/mono/gac/Mono.Data.SqliteClient/2.0.0.0__0738eb9f132ed756
PATH: /usr/lib/mono/gac/Mono.Data.Tds/1.0.5000.0__0738eb9f132ed756
PATH: /usr/lib/mono/gac/Mono.Data.Tds/2.0.0.0__0738eb9f132ed756
PATH: /usr/lib/mono/gac/Mono.Data.TdsClient/1.0.5000.0__0738eb9f132ed756
PATH: /usr/lib/mono/gac/Mono.Data.TdsClient/2.0.0.0__0738eb9f132ed756
PATH: /usr/lib/mono/gac/Mono.GetOptions/1.0.5000.0__0738eb9f132ed756
PATH: /usr/lib/mono/gac/Mono.GetOptions/2.0.0.0__0738eb9f132ed756
PATH: /usr/lib/mono/gac/Mono.Http/1.0.5000.0__0738eb9f132ed756
PATH: /usr/lib/mono/gac/Mono.Http/2.0.0.0__0738eb9f132ed756
PATH: /usr/lib/mono/gac/Mono.Management/2.0.0.0__0738eb9f132ed756
PATH: /usr/lib/mono/gac/Mono.Posix/1.0.5000.0__0738eb9f132ed756
PATH: /usr/lib/mono/gac/Mono.Posix/2.0.0.0__0738eb9f132ed756
PATH: /usr/lib/mono/gac/Mono.Security/1.0.5000.0__0738eb9f132ed756
PATH: /usr/lib/mono/gac/Mono.Security/2.0.0.0__0738eb9f132ed756
PATH: /usr/lib/mono/gac/Mono.Simd/2.0.0.0__0738eb9f132ed756
PATH: /usr/lib/mono/gac/Mono.Web/2.0.0.0__0738eb9f132ed756
PATH: /usr/lib/mono/gac/Mono.WebBrowser/0.5.0.0__0738eb9f132ed756
PATH: /usr/lib/mono/gac/Mono.Zeroconf/3.0.0.80__e60c4f4a95e1099e
PATH: /usr/lib/mono/gac/NDesk.DBus/1.0.0.0__f6716e4f9b2ed099
PATH: /usr/lib/mono/gac/NDesk.DBus.GLib/1.0.0.0__f6716e4f9b2ed099
PATH: /usr/lib/mono/gac/notify-sharp/0.4.0.0__2df29c54e245917a
PATH: /usr/lib/mono/gac/Novell.Directory.Ldap/1.0.5000.0__0738eb9f132ed756
PATH: /usr/lib/mono/gac/Novell.Directory.Ldap/2.0.0.0__0738eb9f132ed756
PATH: /usr/lib/mono/gac/OpenSystem.C/1.0.5000.0__b77a5c561934e089
PATH: /usr/lib/mono/gac/OpenSystem.C/2.0.0.0__b77a5c561934e089
PATH: /usr/lib/mono/gac/pango-sharp/2.12.0.0__35e10195dab3c99f
PATH: /usr/lib/mono/gac/policy.0.2.Mono.Addins/0.0.0.0__0738eb9f132ed756
PATH: /usr/lib/mono/gac/policy.0.2.Mono.Addins.CecilReflector/0.0.0.0__0738eb9f132ed756
PATH: /usr/lib/mono/gac/policy.0.2.Mono.Addins.Gui/0.0.0.0__0738eb9f132ed756
PATH: /usr/lib/mono/gac/policy.0.2.Mono.Addins.Setup/0.0.0.0__0738eb9f132ed756
PATH: /usr/lib/mono/gac/policy.0.3.Mono.Addins/0.0.0.0__0738eb9f132ed756
PATH: /usr/lib/mono/gac/policy.0.3.Mono.Addins.CecilReflector/0.0.0.0__0738eb9f132ed756
PATH: /usr/lib/mono/gac/policy.0.3.Mono.Addins.Gui/0.0.0.0__0738eb9f132ed756
PATH: /usr/lib/mono/gac/policy.0.3.Mono.Addins.Setup/0.0.0.0__0738eb9f132ed756
PATH: /usr/lib/mono/gac/policy.1.0.Mono.Zeroconf/0.0.0.0__e60c4f4a95e1099e
PATH: /usr/lib/mono/gac/policy.2.0.Mono.Zeroconf/0.0.0.0__e60c4f4a95e1099e
PATH: /usr/lib/mono/gac/policy.2.0.taglib-sharp/0.0.0.0__db62eba44689b5b0
PATH: /usr/lib/mono/gac/policy.2.10.atk-sharp/0.0.0.0__35e10195dab3c99f
PATH: /usr/lib/mono/gac/policy.2.10.gdk-sharp/0.0.0.0__35e10195dab3c99f
PATH: /usr/lib/mono/gac/policy.2.10.glade-sharp/0.0.0.0__35e10195dab3c99f
PATH: /usr/lib/mono/gac/policy.2.10.glib-sharp/0.0.0.0__35e10195dab3c99f
PATH: /usr/lib/mono/gac/policy.2.10.gtk-dotnet/0.0.0.0__35e10195dab3c99f
PATH: /usr/lib/mono/gac/policy.2.10.gtk-sharp/0.0.0.0__35e10195dab3c99f
PATH: /usr/lib/mono/gac/policy.2.10.pango-sharp/0.0.0.0__35e10195dab3c99f
PATH: /usr/lib/mono/gac/policy.2.4.atk-sharp/0.0.0.0__35e10195dab3c99f
PATH: /usr/lib/mono/gac/policy.2.4.gdk-sharp/0.0.0.0__35e10195dab3c99f
PATH: /usr/lib/mono/gac/policy.2.4.glade-sharp/0.0.0.0__35e10195dab3c99f
PATH: /usr/lib/mono/gac/policy.2.4.glib-sharp/0.0.0.0__35e10195dab3c99f
PATH: /usr/lib/mono/gac/policy.2.4.gtk-dotnet/0.0.0.0__35e10195dab3c99f
PATH: /usr/lib/mono/gac/policy.2.4.gtk-sharp/0.0.0.0__35e10195dab3c99f
PATH: /usr/lib/mono/gac/policy.2.4.pango-sharp/0.0.0.0__35e10195dab3c99f
PATH: /usr/lib/mono/gac/policy.2.6.atk-sharp/0.0.0.0__35e10195dab3c99f
PATH: /usr/lib/mono/gac/policy.2.6.gdk-sharp/0.0.0.0__35e10195dab3c99f
PATH: /usr/lib/mono/gac/policy.2.6.glade-sharp/0.0.0.0__35e10195dab3c99f
PATH: /usr/lib/mono/gac/policy.2.6.glib-sharp/0.0.0.0__35e10195dab3c99f
PATH: /usr/lib/mono/gac/policy.2.6.gtk-dotnet/0.0.0.0__35e10195dab3c99f
PATH: /usr/lib/mono/gac/policy.2.6.gtk-sharp/0.0.0.0__35e10195dab3c99f
PATH: /usr/lib/mono/gac/policy.2.6.pango-sharp/0.0.0.0__35e10195dab3c99f
PATH: /usr/lib/mono/gac/policy.2.8.atk-sharp/0.0.0.0__35e10195dab3c99f
PATH: /usr/lib/mono/gac/policy.2.8.gdk-sharp/0.0.0.0__35e10195dab3c99f
PATH: /usr/lib/mono/gac/policy.2.8.glade-sharp/0.0.0.0__35e10195dab3c99f
PATH: /usr/lib/mono/gac/policy.2.8.glib-sharp/0.0.0.0__35e10195dab3c99f
PATH: /usr/lib/mono/gac/policy.2.8.gtk-dotnet/0.0.0.0__35e10195dab3c99f
PATH: /usr/lib/mono/gac/policy.2.8.gtk-sharp/0.0.0.0__35e10195dab3c99f
PATH: /usr/lib/mono/gac/policy.2.8.pango-sharp/0.0.0.0__35e10195dab3c99f
PATH: /usr/lib/mono/gac/policy.3.0.Mono.Zeroconf/0.0.0.0__e60c4f4a95e1099e
PATH: /usr/lib/mono/gac/System/1.0.5000.0__b77a5c561934e089
PATH: /usr/lib/mono/gac/System/2.0.0.0__b77a5c561934e089
PATH: /usr/lib/mono/gac/System.ComponentModel.DataAnnotations/3.5.0.0__31bf3856ad364e35
PATH: /usr/lib/mono/gac/System.Configuration/2.0.0.0__b03f5f7f11d50a3a
PATH: /usr/lib/mono/gac/System.Core/3.5.0.0__b77a5c561934e089
PATH: /usr/lib/mono/gac/System.Data/1.0.5000.0__b77a5c561934e089
PATH: /usr/lib/mono/gac/System.Data/2.0.0.0__b77a5c561934e089
PATH: /usr/lib/mono/gac/System.Data.DataSetExtensions/3.5.0.0__b77a5c561934e089
PATH: /usr/lib/mono/gac/System.Data.Linq/3.5.0.0__b77a5c561934e089
PATH: /usr/lib/mono/gac/System.Design/1.0.5000.0__b03f5f7f11d50a3a
PATH: /usr/lib/mono/gac/System.Design/2.0.0.0__b03f5f7f11d50a3a
PATH: /usr/lib/mono/gac/System.DirectoryServices/1.0.5000.0__b03f5f7f11d50a3a
PATH: /usr/lib/mono/gac/System.DirectoryServices/2.0.0.0__b03f5f7f11d50a3a
PATH: /usr/lib/mono/gac/System.Drawing/1.0.5000.0__b03f5f7f11d50a3a
PATH: /usr/lib/mono/gac/System.Drawing/2.0.0.0__b03f5f7f11d50a3a
PATH: /usr/lib/mono/gac/System.Drawing.Design/1.0.5000.0__b03f5f7f11d50a3a
PATH: /usr/lib/mono/gac/System.Drawing.Design/2.0.0.0__b03f5f7f11d50a3a
PATH: /usr/lib/mono/gac/System.EnterpriseServices/1.0.5000.0__b03f5f7f11d50a3a
PATH: /usr/lib/mono/gac/System.EnterpriseServices/2.0.0.0__b03f5f7f11d50a3a
PATH: /usr/lib/mono/gac/System.Runtime.Remoting/1.0.5000.0__b77a5c561934e089
PATH: /usr/lib/mono/gac/System.Runtime.Remoting/2.0.0.0__b77a5c561934e089
PATH: /usr/lib/mono/gac/System.Runtime.Serialization.Formatters.Soap/1.0.5000.0__b03f5f7f11d50a3a
PATH: /usr/lib/mono/gac/System.Runtime.Serialization.Formatters.Soap/2.0.0.0__b03f5f7f11d50a3a
PATH: /usr/lib/mono/gac/System.Security/1.0.5000.0__b03f5f7f11d50a3a
PATH: /usr/lib/mono/gac/System.Security/2.0.0.0__b03f5f7f11d50a3a
PATH: /usr/lib/mono/gac/System.Transactions/2.0.0.0__b77a5c561934e089
PATH: /usr/lib/mono/gac/System.Web/1.0.5000.0__b03f5f7f11d50a3a
PATH: /usr/lib/mono/gac/System.Web/2.0.0.0__b03f5f7f11d50a3a
PATH: /usr/lib/mono/gac/System.Web.Abstractions/3.5.0.0__31bf3856ad364e35
PATH: /usr/lib/mono/gac/System.Web.DynamicData/3.5.0.0__31bf3856ad364e35
PATH: /usr/lib/mono/gac/System.Web.Extensions/1.0.61025.0__31bf3856ad364e35
PATH: /usr/lib/mono/gac/System.Web.Extensions/3.5.0.0__31bf3856ad364e35
PATH: /usr/lib/mono/gac/System.Web.Extensions.Design/1.0.61025.0__31bf3856ad364e35
PATH: /usr/lib/mono/gac/System.Web.Extensions.Design/3.5.0.0__31bf3856ad364e35
PATH: /usr/lib/mono/gac/System.Web.Mvc/1.0.0.0__31bf3856ad364e35
PATH: /usr/lib/mono/gac/System.Web.Routing/3.5.0.0__31bf3856ad364e35
PATH: /usr/lib/mono/gac/System.Web.Services/1.0.5000.0__b03f5f7f11d50a3a
PATH: /usr/lib/mono/gac/System.Web.Services/2.0.0.0__b03f5f7f11d50a3a
PATH: /usr/lib/mono/gac/System.Windows.Forms/1.0.5000.0__b77a5c561934e089
PATH: /usr/lib/mono/gac/System.Windows.Forms/2.0.0.0__b77a5c561934e089
PATH: /usr/lib/mono/gac/System.Xml/1.0.5000.0__b77a5c561934e089
PATH: /usr/lib/mono/gac/System.Xml/2.0.0.0__b77a5c561934e089
PATH: /usr/lib/mono/gac/System.Xml.Linq/3.5.0.0__b77a5c561934e089
PATH: /usr/lib/mono/gac/taglib-sharp/2.0.3.2__db62eba44689b5b0
PATH: /usr/lib/mono/gac/wnck-sharp/2.20.0.0__35e10195dab3c99f
PATH: /usr/lib/mono/mono-addins
PATH: /usr/lib/mono-zeroconf
PATH: /usr/lib/monsoon
PATH: /usr/lib/NetworkManager
PATH: /usr/lib/notification-daemon-1.0
PATH: /usr/lib/orbit-2.0
PATH: /usr/lib/pango/1.6.0/modules
PATH: /usr/lib/perl5/5.10.0/x86_64-linux-thread-multi/auto/attrs
PATH: /usr/lib/perl5/5.10.0/x86_64-linux-thread-multi/auto/B
PATH: /usr/lib/perl5/5.10.0/x86_64-linux-thread-multi/auto/Compress/Raw/Zlib
PATH: /usr/lib/perl5/5.10.0/x86_64-linux-thread-multi/auto/Cwd
PATH: /usr/lib/perl5/5.10.0/x86_64-linux-thread-multi/auto/Data/Dumper
PATH: /usr/lib/perl5/5.10.0/x86_64-linux-thread-multi/auto/DB_File
PATH: /usr/lib/perl5/5.10.0/x86_64-linux-thread-multi/auto/Devel/DProf
PATH: /usr/lib/perl5/5.10.0/x86_64-linux-thread-multi/auto/Devel/Peek
PATH: /usr/lib/perl5/5.10.0/x86_64-linux-thread-multi/auto/Devel/PPPort
PATH: /usr/lib/perl5/5.10.0/x86_64-linux-thread-multi/auto/Digest/MD5
PATH: /usr/lib/perl5/5.10.0/x86_64-linux-thread-multi/auto/Digest/SHA
PATH: /usr/lib/perl5/5.10.0/x86_64-linux-thread-multi/auto/Encode
PATH: /usr/lib/perl5/5.10.0/x86_64-linux-thread-multi/auto/Encode/Byte
PATH: /usr/lib/perl5/5.10.0/x86_64-linux-thread-multi/auto/Encode/CN
PATH: /usr/lib/perl5/5.10.0/x86_64-linux-thread-multi/auto/Encode/EBCDIC
PATH: /usr/lib/perl5/5.10.0/x86_64-linux-thread-multi/auto/Encode/JP
PATH: /usr/lib/perl5/5.10.0/x86_64-linux-thread-multi/auto/Encode/KR
PATH: /usr/lib/perl5/5.10.0/x86_64-linux-thread-multi/auto/Encode/Symbol
PATH: /usr/lib/perl5/5.10.0/x86_64-linux-thread-multi/auto/Encode/TW
PATH: /usr/lib/perl5/5.10.0/x86_64-linux-thread-multi/auto/Encode/Unicode
PATH: /usr/lib/perl5/5.10.0/x86_64-linux-thread-multi/auto/Fcntl
PATH: /usr/lib/perl5/5.10.0/x86_64-linux-thread-multi/auto/File/Glob
PATH: /usr/lib/perl5/5.10.0/x86_64-linux-thread-multi/auto/Filter/Util/Call
PATH: /usr/lib/perl5/5.10.0/x86_64-linux-thread-multi/auto/GDBM_File
PATH: /usr/lib/perl5/5.10.0/x86_64-linux-thread-multi/auto/Hash/Util
PATH: /usr/lib/perl5/5.10.0/x86_64-linux-thread-multi/auto/Hash/Util/FieldHash
PATH: /usr/lib/perl5/5.10.0/x86_64-linux-thread-multi/auto/I18N/Langinfo
PATH: /usr/lib/perl5/5.10.0/x86_64-linux-thread-multi/auto/IO
PATH: /usr/lib/perl5/5.10.0/x86_64-linux-thread-multi/auto/IPC/SysV
PATH: /usr/lib/perl5/5.10.0/x86_64-linux-thread-multi/auto/List/Util
PATH: /usr/lib/perl5/5.10.0/x86_64-linux-thread-multi/auto/Math/BigInt/FastCalc
PATH: /usr/lib/perl5/5.10.0/x86_64-linux-thread-multi/auto/MIME/Base64
PATH: /usr/lib/perl5/5.10.0/x86_64-linux-thread-multi/auto/NDBM_File
PATH: /usr/lib/perl5/5.10.0/x86_64-linux-thread-multi/auto/ODBM_File
PATH: /usr/lib/perl5/5.10.0/x86_64-linux-thread-multi/auto/Opcode
PATH: /usr/lib/perl5/5.10.0/x86_64-linux-thread-multi/auto/PerlIO/encoding
PATH: /usr/lib/perl5/5.10.0/x86_64-linux-thread-multi/auto/PerlIO/scalar
PATH: /usr/lib/perl5/5.10.0/x86_64-linux-thread-multi/auto/PerlIO/via
PATH: /usr/lib/perl5/5.10.0/x86_64-linux-thread-multi/auto/POSIX
PATH: /usr/lib/perl5/5.10.0/x86_64-linux-thread-multi/auto/re
PATH: /usr/lib/perl5/5.10.0/x86_64-linux-thread-multi/auto/SDBM_File
PATH: /usr/lib/perl5/5.10.0/x86_64-linux-thread-multi/auto/Socket
PATH: /usr/lib/perl5/5.10.0/x86_64-linux-thread-multi/auto/Storable
PATH: /usr/lib/perl5/5.10.0/x86_64-linux-thread-multi/auto/Sys/Hostname
PATH: /usr/lib/perl5/5.10.0/x86_64-linux-thread-multi/auto/Sys/Syslog
PATH: /usr/lib/perl5/5.10.0/x86_64-linux-thread-multi/auto/Text/Soundex
PATH: /usr/lib/perl5/5.10.0/x86_64-linux-thread-multi/auto/threads
PATH: /usr/lib/perl5/5.10.0/x86_64-linux-thread-multi/auto/threads/shared
PATH: /usr/lib/perl5/5.10.0/x86_64-linux-thread-multi/auto/Time/HiRes
PATH: /usr/lib/perl5/5.10.0/x86_64-linux-thread-multi/auto/Time/Piece
PATH: /usr/lib/perl5/5.10.0/x86_64-linux-thread-multi/auto/Unicode/Normalize
PATH: /usr/lib/perl5/5.10.0/x86_64-linux-thread-multi/CORE
PATH: /usr/lib/perl5/vendor_perl/5.10.0/x86_64-linux-thread-multi/auto/Crypt/SSLeay
PATH: /usr/lib/perl5/vendor_perl/5.10.0/x86_64-linux-thread-multi/auto/CVT
PATH: /usr/lib/perl5/vendor_perl/5.10.0/x86_64-linux-thread-multi/auto/DBD/SQLite
PATH: /usr/lib/perl5/vendor_perl/5.10.0/x86_64-linux-thread-multi/auto/DBI
PATH: /usr/lib/perl5/vendor_perl/5.10.0/x86_64-linux-thread-multi/auto/Digest/MD4
PATH: /usr/lib/perl5/vendor_perl/5.10.0/x86_64-linux-thread-multi/auto/Digest/SHA1
PATH: /usr/lib/perl5/vendor_perl/5.10.0/x86_64-linux-thread-multi/auto/FBSet
PATH: /usr/lib/perl5/vendor_perl/5.10.0/x86_64-linux-thread-multi/auto/GD
PATH: /usr/lib/perl5/vendor_perl/5.10.0/x86_64-linux-thread-multi/auto/LibAppArmor
PATH: /usr/lib/perl5/vendor_perl/5.10.0/x86_64-linux-thread-multi/auto/LIMAL
PATH: /usr/lib/perl5/vendor_perl/5.10.0/x86_64-linux-thread-multi/auto/LIMAL/CaMgm
PATH: /usr/lib/perl5/vendor_perl/5.10.0/x86_64-linux-thread-multi/auto/LIMAL/NfsServer
PATH: /usr/lib/perl5/vendor_perl/5.10.0/x86_64-linux-thread-multi/auto/Locale/gettext
PATH: /usr/lib/perl5/vendor_perl/5.10.0/x86_64-linux-thread-multi/auto/PLog
PATH: /usr/lib/perl5/vendor_perl/5.10.0/x86_64-linux-thread-multi/auto/SaX
PATH: /usr/lib/perl5/vendor_perl/5.10.0/x86_64-linux-thread-multi/auto/SPP
PATH: /usr/lib/perl5/vendor_perl/5.10.0/x86_64-linux-thread-multi/auto/SVN/_Client
PATH: /usr/lib/perl5/vendor_perl/5.10.0/x86_64-linux-thread-multi/auto/SVN/_Core
PATH: /usr/lib/perl5/vendor_perl/5.10.0/x86_64-linux-thread-multi/auto/SVN/_Delta
PATH: /usr/lib/perl5/vendor_perl/5.10.0/x86_64-linux-thread-multi/auto/SVN/_Fs
PATH: /usr/lib/perl5/vendor_perl/5.10.0/x86_64-linux-thread-multi/auto/SVN/_Ra
PATH: /usr/lib/perl5/vendor_perl/5.10.0/x86_64-linux-thread-multi/auto/SVN/_Repos
PATH: /usr/lib/perl5/vendor_perl/5.10.0/x86_64-linux-thread-multi/auto/SVN/_Wc
PATH: /usr/lib/perl5/vendor_perl/5.10.0/x86_64-linux-thread-multi/auto/Term/ReadKey
PATH: /usr/lib/perl5/vendor_perl/5.10.0/x86_64-linux-thread-multi/auto/XFree
PATH: /usr/lib/perl5/vendor_perl/5.10.0/x86_64-linux-thread-multi/auto/XML/LibXML
PATH: /usr/lib/perl5/vendor_perl/5.10.0/x86_64-linux-thread-multi/auto/XML/LibXML/Common
PATH: /usr/lib/perl5/vendor_perl/5.10.0/x86_64-linux-thread-multi/auto/YaST/YCP
PATH: /usr/lib/perl5/vendor_perl/Immunix
PATH: /usr/lib/pm-profiler
PATH: /usr/lib/pm-utils
PATH: /usr/lib/pm-utils/bin
PATH: /usr/lib/pm-utils/power.d
PATH: /usr/lib/pm-utils/sleep.d
PATH: /usr/lib/podsleuth
PATH: /usr/lib/PolicyKit
PATH: /usr/lib/PolicyKit-gnome
PATH: /usr/lib/postfix
PATH: /usr/lib/qt3/bin
PATH: /usr/lib/qt3/lib64
PATH: /usr/lib/qt3/plugins/imageformats
PATH: /usr/lib/qt3/plugins/inputmethods
PATH: /usr/lib/rpm
PATH: /usr/lib/rpm/gnupg
PATH: /usr/lib/sasl2
PATH: /usr/lib/scpm
PATH: /usr/lib/scpm/resource_types/file
PATH: /usr/lib/scpm/resource_types/file/get_files
PATH: /usr/lib/scpm/resource_types/file/postrestore/etc
PATH: /usr/lib/scpm/resource_types/file/postrestore/etc/sysconfig
PATH: /usr/lib/scpm/resource_types/file/status/etc
PATH: /usr/lib/scpm/resource_types/service
PATH: /usr/lib/scpm/resource_types/service/active
PATH: /usr/lib/scpm/resource_types/service/get_deps
PATH: /usr/lib/scpm/resource_types/service/get_provides
PATH: /usr/lib/scpm/resource_types/service/restore
PATH: /usr/lib/scpm/resource_types/service/start
PATH: /usr/lib/scpm/resource_types/service/status
PATH: /usr/lib/scpm/resource_types/service/stop
PATH: /usr/lib/smpppd
PATH: /usr/lib/suse-blinux
PATH: /usr/lib/suse-blinux/lib
PATH: /usr/lib/suseRegister/bin
PATH: /usr/lib/tls
PATH: /usr/lib/totem
PATH: /usr/lib/totem/totem
PATH: /usr/lib/vino
PATH: /usr/lib/vte
PATH: /usr/lib/YaST2/bin
PATH: /usr/lib/YaST2/servers
PATH: /usr/lib/YaST2/servers_non_y2
PATH: /usr/lib/YaST2/startup
PATH: /usr/lib/YaST2/startup/arch/i386
PATH: /usr/lib/YaST2/startup/arch/ia64
PATH: /usr/lib/YaST2/startup/arch/s390
PATH: /usr/lib/YaST2/startup/common
PATH: /usr/lib/YaST2/startup/First-Stage
PATH: /usr/lib/YaST2/startup/Second-Stage
PATH: /usr/lib/yp
PATH: /usr/lib64
PATH: /usr/lib64
PATH: /usr/lib64/alsa-lib
PATH: /usr/lib64/alsa-lib/smixer
PATH: /usr/lib64/ao/plugins-2
PATH: /usr/lib64/apache2
PATH: /usr/lib64/apache2-prefork
PATH: /usr/lib64/apr-util-1
PATH: /usr/lib64/aspell-0.60
PATH: /usr/lib64/autofs
PATH: /usr/lib64/awk
PATH: /usr/lib64/beagle
PATH: /usr/lib64/blender
PATH: /usr/lib64/blender/.blender/plugins/sequence
PATH: /usr/lib64/blender/.blender/plugins/texture
PATH: /usr/lib64/bluetooth/plugins
PATH: /usr/lib64/bonobo/monikers
PATH: /usr/lib64/brasero/plugins
PATH: /usr/lib64/browser-plugins
PATH: /usr/lib64/cheese
PATH: /usr/lib64/compiz
PATH: /usr/lib64/compizconfig/backends
PATH: /usr/lib64/cups/backend
PATH: /usr/lib64/cups/cgi-bin
PATH: /usr/lib64/cups/daemon
PATH: /usr/lib64/cups/filter
PATH: /usr/lib64/cups/monitor
PATH: /usr/lib64/cups/notifier
PATH: /usr/lib64/cups-pk-helper
PATH: /usr/lib64/dice
PATH: /usr/lib64/directfb-1.2-0/gfxdrivers
PATH: /usr/lib64/directfb-1.2-0/inputdrivers
PATH: /usr/lib64/directfb-1.2-0/interfaces/IDirectFBFont
PATH: /usr/lib64/directfb-1.2-0/interfaces/IDirectFBImageProvider
PATH: /usr/lib64/directfb-1.2-0/interfaces/IDirectFBVideoProvider
PATH: /usr/lib64/directfb-1.2-0/systems
PATH: /usr/lib64/directfb-1.2-0/wm
PATH: /usr/lib64/dri
PATH: /usr/lib64/emerald/engines
PATH: /usr/lib64/enchant
PATH: /usr/lib64/engines
PATH: /usr/lib64/eog/plugins
PATH: /usr/lib64/evince/1/backends
PATH: /usr/lib64/evoldap/lib
PATH: /usr/lib64/evolution/2.26
PATH: /usr/lib64/evolution/2.26/components
PATH: /usr/lib64/evolution/2.26/plugins
PATH: /usr/lib64/evolution-data-server
PATH: /usr/lib64/evolution-data-server-1.2/camel-providers
PATH: /usr/lib64/evolution-data-server-1.2/extensions
PATH: /usr/lib64/firefox
PATH: /usr/lib64/firefox/components
PATH: /usr/lib64/f-spot
PATH: /usr/lib64/gcc-lib/x86_64-suse-linux/3.3.3-hammer
PATH: /usr/lib64/gcc/x86_64-suse-linux/4.3
PATH: /usr/lib64/gcc/x86_64-suse-linux/4.4
PATH: /usr/lib64/gcj-4.3-9
PATH: /usr/lib64/GConf/2
PATH: /usr/lib64/gconv
PATH: /usr/lib64/gedit-2
PATH: /usr/lib64/gedit-2/plugin-loaders
PATH: /usr/lib64/gedit-2/plugins
PATH: /usr/lib64/gettext
PATH: /usr/lib64/ggz
PATH: /usr/lib64/ghostscript/8.62
PATH: /usr/lib64/ghostscript/Omni
PATH: /usr/lib64/gio/modules
PATH: /usr/lib64/glade3/modules
PATH: /usr/lib64/glibmm-2.4/proc
PATH: /usr/lib64/gnome-applets
PATH: /usr/lib64/gnome-db-3.0/plugins
PATH: /usr/lib64/gnome-db-4.0/plugins
PATH: /usr/lib64/gnome-do
PATH: /usr/lib64/gnome-games
PATH: /usr/lib64/gnome-keyring
PATH: /usr/lib64/gnome-keyring/devel
PATH: /usr/lib64/gnome-keyring/standalone
PATH: /usr/lib64/gnome-panel
PATH: /usr/lib64/gnome-pilot/conduits
PATH: /usr/lib64/gnome-session/helpers
PATH: /usr/lib64/gnome-settings-daemon-2.0
PATH: /usr/lib64/gnome-spell
PATH: /usr/lib64/gnome-vfs-2.0/modules
PATH: /usr/lib64/graphviz
PATH: /usr/lib64/gstreamer-0.10
PATH: /usr/lib64/gtk-2.0/2.10.0/engines
PATH: /usr/lib64/gtk-2.0/2.10.0/immodules
PATH: /usr/lib64/gtk-2.0/2.10.0/loaders
PATH: /usr/lib64/gtk-2.0/2.10.0/printbackends
PATH: /usr/lib64/gtk-2.0/modules
PATH: /usr/lib64/gvfs
PATH: /usr/lib64/hal
PATH: /usr/lib64/hal/scripts
PATH: /usr/lib64/hal/scripts/linux
PATH: /usr/lib64/ImageMagick-6.4.3/modules-Q16/coders
PATH: /usr/lib64/ImageMagick-6.4.3/modules-Q16/filters
PATH: /usr/lib64/libcanberra-0.12
PATH: /usr/lib64/libgda-4.0/providers
PATH: /usr/lib64/libglade/2.0
PATH: /usr/lib64/libgnomeprint/2.18.6/modules
PATH: /usr/lib64/libgnomeprint/2.18.6/modules/filters
PATH: /usr/lib64/libgnomeprint/2.18.6/modules/transports
PATH: /usr/lib64/libgphoto2
PATH: /usr/lib64/libgphoto2/2.4.3
PATH: /usr/lib64/libgphoto2_port/0.8.0
PATH: /usr/lib64/libproxy/0.2.3/plugins
PATH: /usr/lib64/liferea
PATH: /usr/lib64/limal
PATH: /usr/lib64/llvm-gcc/bin
PATH: /usr/lib64/llvm-gcc/lib64
PATH: /usr/lib64/llvm-gcc/libexec/gcc/x86_64-suse-linux-gnu/4.2.1
PATH: /usr/lib64/ModemManager
PATH: /usr/lib64/nautilus/extensions-2.0
PATH: /usr/lib64/nautilus-sendto/plugins
PATH: /usr/lib64/NetworkManager
PATH: /usr/lib64/notification-daemon-1.0/engines
PATH: /usr/lib64/opal-3.4.2/codecs/audio
PATH: /usr/lib64/opal-3.4.2/codecs/video
PATH: /usr/lib64/orbit-2.0
PATH: /usr/lib64/packagekit-backend
PATH: /usr/lib64/pango/1.6.0/modules
PATH: /usr/lib64/pidgin
PATH: /usr/lib64/pm-utils/sleep.d
PATH: /usr/lib64/pppd/2.4.4
PATH: /usr/lib64/pppd/2.4.5
PATH: /usr/lib64/pulse
PATH: /usr/lib64/pulse-0.9/modules
PATH: /usr/lib64/pwdutils
PATH: /usr/lib64/pygtk/2.0
PATH: /usr/lib64/pygtk/2.0/demos
PATH: /usr/lib64/python2.6/site-packages
PATH: /usr/lib64/python2.6/site-packages/atom
PATH: /usr/lib64/python2.6/site-packages/cairo
PATH: /usr/lib64/python2.6/site-packages/exo-0.3
PATH: /usr/lib64/python2.6/site-packages/gdata
PATH: /usr/lib64/python2.6/site-packages/gdata/alt
PATH: /usr/lib64/python2.6/site-packages/gdata/analytics
PATH: /usr/lib64/python2.6/site-packages/gdata/apps
PATH: /usr/lib64/python2.6/site-packages/gdata/apps/emailsettings
PATH: /usr/lib64/python2.6/site-packages/gdata/apps/groups
PATH: /usr/lib64/python2.6/site-packages/gdata/apps/migration
PATH: /usr/lib64/python2.6/site-packages/gdata/base
PATH: /usr/lib64/python2.6/site-packages/gdata/blogger
PATH: /usr/lib64/python2.6/site-packages/gdata/books
PATH: /usr/lib64/python2.6/site-packages/gdata/calendar
PATH: /usr/lib64/python2.6/site-packages/gdata/codesearch
PATH: /usr/lib64/python2.6/site-packages/gdata/contacts
PATH: /usr/lib64/python2.6/site-packages/gdata/Crypto
PATH: /usr/lib64/python2.6/site-packages/gdata/Crypto/Cipher
PATH: /usr/lib64/python2.6/site-packages/gdata/Crypto/Hash
PATH: /usr/lib64/python2.6/site-packages/gdata/Crypto/Protocol
PATH: /usr/lib64/python2.6/site-packages/gdata/Crypto/PublicKey
PATH: /usr/lib64/python2.6/site-packages/gdata/Crypto/Util
PATH: /usr/lib64/python2.6/site-packages/gdata/docs
PATH: /usr/lib64/python2.6/site-packages/gdata/exif
PATH: /usr/lib64/python2.6/site-packages/gdata/finance
PATH: /usr/lib64/python2.6/site-packages/gdata/geo
PATH: /usr/lib64/python2.6/site-packages/gdata/health
PATH: /usr/lib64/python2.6/site-packages/gdata/media
PATH: /usr/lib64/python2.6/site-packages/gdata/oauth
PATH: /usr/lib64/python2.6/site-packages/gdata/photos
PATH: /usr/lib64/python2.6/site-packages/gdata/spreadsheet
PATH: /usr/lib64/python2.6/site-packages/gdata/tlslite
PATH: /usr/lib64/python2.6/site-packages/gdata/tlslite/integration
PATH: /usr/lib64/python2.6/site-packages/gdata/tlslite/utils
PATH: /usr/lib64/python2.6/site-packages/gdata/webmastertools
PATH: /usr/lib64/python2.6/site-packages/gdata/youtube
PATH: /usr/lib64/python2.6/site-packages/gpod
PATH: /usr/lib64/python2.6/site-packages/gst-0.10/gst
PATH: /usr/lib64/python2.6/site-packages/gtk-2.0
PATH: /usr/lib64/python2.6/site-packages/gtk-2.0/bonobo
PATH: /usr/lib64/python2.6/site-packages/gtk-2.0/egg
PATH: /usr/lib64/python2.6/site-packages/gtk-2.0/evolution
PATH: /usr/lib64/python2.6/site-packages/gtk-2.0/gio
PATH: /usr/lib64/python2.6/site-packages/gtk-2.0/glib
PATH: /usr/lib64/python2.6/site-packages/gtk-2.0/gnome
PATH: /usr/lib64/python2.6/site-packages/gtk-2.0/gnomedesktop
PATH: /usr/lib64/python2.6/site-packages/gtk-2.0/gnomeprint
PATH: /usr/lib64/python2.6/site-packages/gtk-2.0/gnomevfs
PATH: /usr/lib64/python2.6/site-packages/gtk-2.0/gobject
PATH: /usr/lib64/python2.6/site-packages/gtk-2.0/gtk
PATH: /usr/lib64/python2.6/site-packages/gtk-2.0/gtk/gdkgl
PATH: /usr/lib64/python2.6/site-packages/gtk-2.0/gtk/gtkgl
PATH: /usr/lib64/python2.6/site-packages/gtk-2.0/pynotify
PATH: /usr/lib64/python2.6/site-packages/gtk-2.0/totem
PATH: /usr/lib64/python2.6/site-packages/hgext/inotify/linux
PATH: /usr/lib64/python2.6/site-packages/mercurial
PATH: /usr/lib64/python2.6/site-packages/mercurial/i18n
PATH: /usr/lib64/python2.6/site-packages/Numeric
PATH: /usr/lib64/python2.6/site-packages/Numeric/FFT
PATH: /usr/lib64/python2.6/site-packages/Numeric/RNG
PATH: /usr/lib64/python2.6/site-packages/orca
PATH: /usr/lib64/python2.6/site-packages/pysqlite2
PATH: /usr/lib64/python2.6/site-packages/setuptools
PATH: /usr/lib64/python2.6/site-packages/setuptools/command
PATH: /usr/lib64/python2.6/site-packages/_xmlplus/parsers
PATH: /usr/lib64/python2.6/site-packages/_xmlplus/utils
PATH: /usr/lib64/qt4/plugins/accessible
PATH: /usr/lib64/qt4/plugins/codecs
PATH: /usr/lib64/qt4/plugins/iconengines
PATH: /usr/lib64/qt4/plugins/imageformats
PATH: /usr/lib64/qt4/plugins/inputmethods
PATH: /usr/lib64/qt4/plugins/script
PATH: /usr/lib64/qt4/plugins/sqldrivers
PATH: /usr/lib64/ruby/1.8/x86_64-linux
PATH: /usr/lib64/ruby/1.8/x86_64-linux/digest
PATH: /usr/lib64/ruby/1.8/x86_64-linux/io
PATH: /usr/lib64/ruby/1.8/x86_64-linux/racc
PATH: /usr/lib64/samba/auth
PATH: /usr/lib64/samba/charset
PATH: /usr/lib64/samba/vfs
PATH: /usr/lib64/sasl2
PATH: /usr/lib64/ssh
PATH: /usr/lib64/sudo
PATH: /usr/lib64/tcl/tk8.5/demos
PATH: /usr/lib64/thunarx-1
PATH: /usr/lib64/TkXInput
PATH: /usr/lib64/tls
PATH: /usr/lib64/tomboy
PATH: /usr/lib64/totem/plugins/bemused
PATH: /usr/lib64/totem/plugins/brasero-disc-recorder
PATH: /usr/lib64/totem/plugins/gromit
PATH: /usr/lib64/totem/plugins/lirc
PATH: /usr/lib64/totem/plugins/media-player-keys
PATH: /usr/lib64/totem/plugins/ontop
PATH: /usr/lib64/totem/plugins/properties
PATH: /usr/lib64/totem/plugins/screensaver
PATH: /usr/lib64/totem/plugins/screenshot
PATH: /usr/lib64/totem/plugins/skipto
PATH: /usr/lib64/totem/plugins/thumbnail
PATH: /usr/lib64/unixODBC
PATH: /usr/lib64/vte
PATH: /usr/lib64/w3m
PATH: /usr/lib64/w3m/cgi-bin
PATH: /usr/lib64/window-manager-settings
PATH: /usr/lib64/X11/xdm
PATH: /usr/lib64/xchat/plugins
PATH: /usr/lib64/xfce4/modules
PATH: /usr/lib64/xfce4/panel-plugins
PATH: /usr/lib64/xfce4/splash/engines
PATH: /usr/lib64/xfce4/xfconf-migration
PATH: /usr/lib64/xfmedia/plugins
PATH: /usr/lib64/xine/plugins/1.26
PATH: /usr/lib64/xine/plugins/1.26/post
PATH: /usr/lib64/xorg/modules
PATH: /usr/lib64/xorg/modules/drivers
PATH: /usr/lib64/xorg/modules/extensions
PATH: /usr/lib64/xorg/modules/fonts
PATH: /usr/lib64/xorg/modules/input
PATH: /usr/lib64/xorg/modules/linux
PATH: /usr/lib64/xorg/modules/multimedia
PATH: /usr/lib64/xorg/modules/updates/drivers
PATH: /usr/lib64/xorg/modules/updates/extensions
PATH: /usr/lib64/xscreensaver
PATH: /usr/lib64/xtables
PATH: /usr/lib64/xulrunner-1.9.0.13
PATH: /usr/lib64/xulrunner-1.9.0.13/components
PATH: /usr/lib64/xulrunner-1.9.0.13/plugins
PATH: /usr/lib64/xulrunner-1.9.1.2
PATH: /usr/lib64/xulrunner-1.9.1.2/components
PATH: /usr/lib64/xulrunner-1.9.1.2/plugins
PATH: /usr/lib64/yafray
PATH: /usr/lib64/YaST2/plugin
PATH: .
PATH: /programs/bin
PATH: /programs/Mozilla/Firefox3/x86_64
PATH: /programs/Mozilla/Thunderbird3/x86_64
PATH: /programs/carrier/bin
PATH: /programs/ion/3-20080825/bin
PATH: /programs/linphone/bin
PATH: /programs/connectED/bin


## ----------- ##
## Core tests. ##
## ----------- ##

configure:2125: checking for a BSD-compatible install
configure:2181: result: /usr/bin/install -c
configure:2192: checking whether build environment is sane
configure:2235: result: yes
configure:2263: checking for a thread-safe mkdir -p
configure:2302: result: /bin/mkdir -p
configure:2315: checking for gawk
configure:2331: found /bin/gawk
configure:2342: result: gawk
configure:2353: checking whether make sets $(MAKE)
configure:2374: result: yes
configure:2398: error: source directory already configured; run "make distclean" there first

## ---------------- ##
## Cache variables. ##
## ---------------- ##

ac_cv_env_CCC_set=
ac_cv_env_CCC_value=
ac_cv_env_CC_set=set
ac_cv_env_CC_value=/usr/bin/gcc
ac_cv_env_CFLAGS_set=set
ac_cv_env_CFLAGS_value='-std=gnu99 -O3 -Wall -Wextra -fstrict-aliasing -Wstrict-aliasing=3 -Wformat=2 -Werror -Wno-unused-parameter -Wfatal-errors -Wswitch-enum -Wno-format-nonliteral -Wno-missing-field-initializers --combine -Wmissing-prototypes -Wmissing-declarations -I/usr/include -I. -I..'
ac_cv_env_CPPFLAGS_set=set
ac_cv_env_CPPFLAGS_value='-I/usr/include -I. -I..'
ac_cv_env_CPP_set=set
ac_cv_env_CPP_value=/usr/bin/cpp
ac_cv_env_CXXCPP_set=
ac_cv_env_CXXCPP_value=
ac_cv_env_CXXFLAGS_set=set
ac_cv_env_CXXFLAGS_value='-std=gnu++0x -O3 -Wall -Wextra -fstrict-aliasing -Wstrict-aliasing=3 -Wformat=2 -Werror -Wno-unused-parameter -Wfatal-errors -Wswitch-enum -Wno-format-nonliteral -Wno-missing-field-initializers --combine -I/usr/include -I. -I..'
ac_cv_env_CXX_set=
ac_cv_env_CXX_value=
ac_cv_env_F77_set=
ac_cv_env_F77_value=
ac_cv_env_FFLAGS_set=
ac_cv_env_FFLAGS_value=
ac_cv_env_GNOME_KEYRING_CFLAGS_set=
ac_cv_env_GNOME_KEYRING_CFLAGS_value=
ac_cv_env_GNOME_KEYRING_LIBS_set=
ac_cv_env_GNOME_KEYRING_LIBS_value=
ac_cv_env_LDFLAGS_set=
ac_cv_env_LDFLAGS_value=
ac_cv_env_LIBS_set=
ac_cv_env_LIBS_value=
ac_cv_env_LIBget2gnow_CFLAGS_set=
ac_cv_env_LIBget2gnow_CFLAGS_value=
ac_cv_env_LIBget2gnow_LIBS_set=
ac_cv_env_LIBget2gnow_LIBS_value=
ac_cv_env_PKG_CONFIG_set=
ac_cv_env_PKG_CONFIG_value=
ac_cv_env_build_alias_set=
ac_cv_env_build_alias_value=
ac_cv_env_get2gnow_CFLAGS_set=
ac_cv_env_get2gnow_CFLAGS_value=
ac_cv_env_get2gnow_LIBS_set=
ac_cv_env_get2gnow_LIBS_value=
ac_cv_env_host_alias_set=
ac_cv_env_host_alias_value=
ac_cv_env_target_alias_set=
ac_cv_env_target_alias_value=
ac_cv_path_install='/usr/bin/install -c'
ac_cv_path_mkdir=/bin/mkdir
ac_cv_prog_AWK=gawk
ac_cv_prog_make_make_set=yes

## ----------------- ##
## Output variables. ##
## ----------------- ##

ACLOCAL=''
ALL_LINGUAS=''
AMDEPBACKSLASH=''
AMDEP_FALSE=''
AMDEP_TRUE=''
AMTAR=''
AR=''
AUTOCONF=''
AUTOHEADER=''
AUTOMAKE=''
AWK='gawk'
CATALOGS=''
CATOBJEXT=''
CC='/usr/bin/gcc'
CCDEPMODE=''
CFLAGS='-std=gnu99 -O3 -Wall -Wextra -fstrict-aliasing -Wstrict-aliasing=3 -Wformat=2 -Werror -Wno-unused-parameter -Wfatal-errors -Wswitch-enum -Wno-format-nonliteral -Wno-missing-field-initializers --combine -Wmissing-prototypes -Wmissing-declarations -I/usr/include -I. -I..'
CPP='/usr/bin/cpp'
CPPFLAGS='-I/usr/include -I. -I..'
CXX=''
CXXCPP=''
CXXDEPMODE=''
CXXFLAGS='-std=gnu++0x -O3 -Wall -Wextra -fstrict-aliasing -Wstrict-aliasing=3 -Wformat=2 -Werror -Wno-unused-parameter -Wfatal-errors -Wswitch-enum -Wno-format-nonliteral -Wno-missing-field-initializers --combine -I/usr/include -I. -I..'
CYGPATH_W=''
DATADIRNAME=''
DEFS=''
DEPDIR=''
DISABLE_DEPRECATED=''
DISTCHECK_CONFIGURE_FLAGS=''
DOC_USER_FORMATS=''
DSYMUTIL=''
ECHO='echo'
ECHO_C=''
ECHO_N='-n'
ECHO_T=''
EGREP=''
ENABLE_SK_FALSE=''
ENABLE_SK_TRUE=''
EXEEXT=''
F77=''
FFLAGS=''
GCONFTOOL=''
GCONF_SCHEMAS_INSTALL_FALSE=''
GCONF_SCHEMAS_INSTALL_TRUE=''
GCONF_SCHEMA_CONFIG_SOURCE=''
GCONF_SCHEMA_FILE_DIR=''
GCONF_VERSION_REQUIRED='1.2.0'
GETTEXT_PACKAGE=''
GLIB_CFLAGS=''
GLIB_GENMARSHAL=''
GLIB_LIBS=''
GLIB_MKENUMS=''
GMOFILES=''
GMSGFMT=''
GNOME_KEYRING_CFLAGS=''
GNOME_KEYRING_LIBS=''
GOBJECT_QUERY=''
GREP=''
GTK_VERSION_REQUIRED='2.16'
HAVE_GNOME_DOC_UTILS_FALSE=''
HAVE_GNOME_DOC_UTILS_TRUE=''
HAVE_GNOME_KEYRING_FALSE=''
HAVE_GNOME_KEYRING_TRUE=''
HELP_DIR=''
INSTALL_DATA='${INSTALL} -m 644'
INSTALL_PROGRAM='${INSTALL}'
INSTALL_SCRIPT='${INSTALL}'
INSTALL_STRIP_PROGRAM=''
INSTOBJEXT=''
INTLLIBS=''
INTLTOOL_CAVES_RULE=''
INTLTOOL_DESKTOP_RULE=''
INTLTOOL_DIRECTORY_RULE=''
INTLTOOL_EXTRACT=''
INTLTOOL_KBD_RULE=''
INTLTOOL_KEYS_RULE=''
INTLTOOL_MERGE=''
INTLTOOL_OAF_RULE=''
INTLTOOL_PERL=''
INTLTOOL_POLICY_RULE=''
INTLTOOL_PONG_RULE=''
INTLTOOL_PROP_RULE=''
INTLTOOL_SCHEMAS_RULE=''
INTLTOOL_SERVER_RULE=''
INTLTOOL_SERVICE_RULE=''
INTLTOOL_SHEET_RULE=''
INTLTOOL_SOUNDLIST_RULE=''
INTLTOOL_THEME_RULE=''
INTLTOOL_UI_RULE=''
INTLTOOL_UPDATE=''
INTLTOOL_XAM_RULE=''
INTLTOOL_XML_NOMERGE_RULE=''
INTLTOOL_XML_RULE=''
LDFLAGS=''
LIBCANBERRA_VERSION_REQUIRED='0.4'
LIBGIO_VERSION_REQUIRED='2.15.5'
LIBOBJS=''
LIBS=''
LIBSOUP_VERSION_REQUIRED='2.24.0'
LIBTOOL=''
LIBXML_VERSION_REQUIRED='2.6.16'
LIBget2gnow_CFLAGS=''
LIBget2gnow_LIBS=''
LN_S=''
LTLIBOBJS=''
MAINT=''
MAINTAINER_MODE_FALSE=''
MAINTAINER_MODE_TRUE=''
MAKEINFO=''
MSGFMT=''
MSGFMT_OPTS=''
MSGMERGE=''
NMEDIT=''
OBJEXT=''
OMF_DIR=''
PACKAGE_BUGREPORT='http://bugzilla.gnome.org/enter_bug.cgi?product=get2gnow'
PACKAGE_NAME='get2gnow'
PACKAGE_STRING='get2gnow #00BF01a40'
PACKAGE_TARNAME='get2gnow'
PACKAGE_VERSION='#00BF01a40'
PATH_SEPARATOR=':'
PKG_CONFIG=''
POFILES=''
POSUB=''
PO_IN_DATADIR_FALSE=''
PO_IN_DATADIR_TRUE=''
RANLIB=''
SED=''
SET_MAKE=''
SHELL='/bin/sh'
STRIP=''
USE_NLS=''
WARN_CFLAGS=''
WARN_CXXFLAGS=''
XGETTEXT=''
ac_ct_CC=''
ac_ct_CXX=''
ac_ct_F77=''
am__fastdepCC_FALSE=''
am__fastdepCC_TRUE=''
am__fastdepCXX_FALSE=''
am__fastdepCXX_TRUE=''
am__include=''
am__isrc=' -I$(srcdir)'
am__leading_dot='.'
am__quote=''
am__tar=''
am__untar=''
bindir='${exec_prefix}/bin'
build=''
build_alias=''
build_cpu=''
build_os=''
build_vendor=''
datadir='${datarootdir}'
datarootdir='${prefix}/share'
debug_CFLAGS=''
docdir='${datarootdir}/doc/${PACKAGE_TARNAME}'
dvidir='${docdir}'
exec_prefix='NONE'
get2gnow_CFLAGS=''
get2gnow_LIBS=''
host=''
host_alias=''
host_cpu=''
host_os=''
host_vendor=''
htmldir='${docdir}'
includedir='${prefix}/include'
infodir='${datarootdir}/info'
install_sh=''
libdir='/usr/lib64'
libexecdir='${exec_prefix}/libexec'
localedir='${datarootdir}/locale'
localstatedir='${prefix}/var'
mandir='${datarootdir}/man'
mkdir_p='/bin/mkdir -p'
oldincludedir='/usr/include'
pdfdir='${docdir}'
prefix='/usr'
program_transform_name='s,x,x,'
psdir='${docdir}'
sbindir='${exec_prefix}/sbin'
sharedstatedir='${prefix}/com'
sysconfdir='${prefix}/etc'
target_alias=''

## ----------- ##
## confdefs.h. ##
## ----------- ##

#define PACKAGE_NAME "get2gnow"
#define PACKAGE_TARNAME "get2gnow"
#define PACKAGE_VERSION "#00BF01a40"
#define PACKAGE_STRING "get2gnow #00BF01a40"
#define PACKAGE_BUGREPORT "http://bugzilla.gnome.org/enter_bug.cgi?product=get2gnow"
#define PACKAGE_PREFIX "/usr"

configure: exit 1
